2022-09-04 08:22:02-B09XQFWQCR-标题不见.
2022-09-04 08:22:02-B09XQZHMBV-标题不见.
2022-09-05 08:21:57-B09XQZHMBV-标题不见.
2022-09-05 08:21:57-B09XQFWQCR-标题不见.
2022-09-06 08:22:01-B09XQZHMBV-标题不见.
2022-09-06 08:22:01-B09XQFWQCR-标题不见.
2022-09-07 08:22:01-B09XQFWQCR-标题不见.
2022-09-07 08:22:01-B09XQZHMBV-标题不见.
2022-09-08 08:22:14-B09XQZHMBV-标题不见.
2022-09-08 08:22:14-B09XQFWQCR-标题不见.
2022-09-09 08:21:59-B09XQZHMBV-标题不见.
2022-09-09 08:21:59-B09XQFWQCR-标题不见.
2022-09-10 08:21:52-B09XQZHMBV-标题不见.
2022-09-10 08:21:52-B09XQFWQCR-标题不见.
2022-09-11 08:22:03-B09XQZHMBV-标题不见.
2022-09-11 08:22:03-B09XQFWQCR-标题不见.
2022-09-12 08:21:54-B09XQFWQCR-标题不见.
2022-09-12 08:21:54-B09XQZHMBV-标题不见.
2022-09-13 08:22:00-B09XQZHMBV-标题不见.
2022-09-13 08:22:00-B09XQFWQCR-标题不见.
2022-09-14 08:22:08-B09XQFWQCR-标题不见.
2022-09-14 08:22:08-B09XQZHMBV-标题不见.
2022-09-15 08:21:57-B09XQFWQCR-标题不见.
2022-09-15 08:21:57-B09XQZHMBV-标题不见.
2022-09-16 08:21:50-B09XQZHMBV-标题不见.
2022-09-16 08:21:50-B09XQFWQCR-标题不见.
2022-09-17 08:22:02-B09XQFWQCR-标题不见.
2022-09-17 08:22:02-B09XQZHMBV-标题不见.
2022-09-18 08:21:39-B09XQFWQCR-标题不见.
2022-09-18 08:21:39-B09XQZHMBV-标题不见.
2022-09-19 08:22:02-B09XQFWQCR-标题不见.
2022-09-19 08:22:02-B09XQZHMBV-标题不见.
2022-09-20 08:21:56-B09XQFWQCR-标题不见.
2022-09-20 08:21:56-B09XQZHMBV-标题不见.
2022-09-21 08:22:14-B09XQFWQCR-标题不见.
2022-09-21 08:22:14-B09XQZHMBV-标题不见.
2022-09-22 08:22:33-B09XQZHMBV-标题不见.
2022-09-22 08:22:33-B09XQFWQCR-标题不见.
2022-09-23 08:22:01-B09XQFWQCR-标题不见.
2022-09-23 08:22:01-B09XQZHMBV-标题不见.
2022-09-24 08:21:57-B09XQFWQCR-标题不见.
2022-09-24 08:21:57-B09XQZHMBV-标题不见.
2022-09-25 08:21:58-B09XQFWQCR-标题不见.
2022-09-25 08:21:58-B09XQZHMBV-标题不见.
2022-09-26 08:21:44-B09XQZHMBV-标题不见.
2022-09-26 08:21:44-B09XQFWQCR-标题不见.
2022-09-27 08:21:57-B09XQZHMBV-标题不见.
2022-09-27 08:21:57-B09XQFWQCR-标题不见.
2022-09-28 08:21:56-B09XQFWQCR-标题不见.
2022-09-28 08:21:56-B09XQZHMBV-标题不见.
2022-09-29 08:22:07-B09XQFWQCR-标题不见.
2022-09-29 08:22:07-B09XQZHMBV-标题不见.
2022-09-30 08:21:57-B09XQFWQCR-标题不见.
2022-09-30 08:21:57-B09XQZHMBV-标题不见.
2022-10-01 08:22:05-B09XQZHMBV-标题不见.
2022-10-01 08:22:05-B09XQFWQCR-标题不见.
2022-10-02 08:21:54-B09XQZHMBV-标题不见.
2022-10-02 08:21:54-B09XQFWQCR-标题不见.
2022-10-03 08:21:53-B09XQFWQCR-标题不见.
2022-10-03 08:21:53-B09XQZHMBV-标题不见.
2022-10-04 08:21:31-B09XQZHMBV-标题不见.
2022-10-04 08:21:31-B09XQFWQCR-标题不见.
2022-10-05 08:21:43-B09XQFWQCR-标题不见.
2022-10-05 08:21:43-B09XQZHMBV-标题不见.
2022-10-06 08:21:46-B09XQZHMBV-标题不见.
2022-10-06 08:21:46-B09XQFWQCR-标题不见.
2022-10-07 08:21:55-B09XQFWQCR-标题不见.
2022-10-07 08:21:55-B09XQZHMBV-标题不见.
2022-10-08 08:21:54-B09XQFWQCR-标题不见.
2022-10-08 08:21:54-B09XQZHMBV-标题不见.
2022-10-09 08:21:54-B09XQZHMBV-标题不见.
2022-10-09 08:21:54-B09XQFWQCR-标题不见.
2022-10-10 08:21:48-B09XQFWQCR-标题不见.
2022-10-10 08:21:48-B09XQZHMBV-标题不见.
2022-10-11 08:22:01-B09XQZHMBV-标题不见.
2022-10-11 08:22:01-B09XQFWQCR-标题不见.
2022-10-12 08:21:59-B09XQZHMBV-标题不见.
2022-10-12 08:21:59-B09XQFWQCR-标题不见.
2022-10-13 08:22:12-B09XQZHMBV-标题不见.
2022-10-13 08:22:12-B09XQFWQCR-标题不见.
2022-10-14 08:21:41-B09XQFWQCR-标题不见.
2022-10-14 08:21:41-B09XQZHMBV-标题不见.
2022-10-15 08:21:57-B09XQZHMBV-标题不见.
2022-10-15 08:21:57-B09XQFWQCR-标题不见.
2022-10-16 08:21:59-B09XQZHMBV-标题不见.
2022-10-16 08:21:59-B09XQFWQCR-标题不见.
2022-10-17 08:21:57-B09XQZHMBV-标题不见.
2022-10-17 08:21:57-B09XQFWQCR-标题不见.
2022-10-18 08:21:56-B09XQZHMBV-标题不见.
2022-10-18 08:21:56-B09XQFWQCR-标题不见.
2022-10-19 08:22:12-B09XQFWQCR-标题不见.
2022-10-19 08:22:12-B09XQZHMBV-标题不见.
2022-10-20 08:21:59-B09XQFWQCR-标题不见.
2022-10-20 08:21:59-B09XQZHMBV-标题不见.
2022-10-21 08:22:00-B09XQFWQCR-标题不见.
2022-10-21 08:22:00-B09XQZHMBV-标题不见.
2022-10-22 08:22:08-B09XQFWQCR-标题不见.
2022-10-22 08:22:08-B09XQZHMBV-标题不见.
2022-10-23 08:22:07-B09XQFWQCR-标题不见.
2022-10-23 08:22:07-B09XQZHMBV-标题不见.
2022-10-24 08:21:48-B09XQZHMBV-标题不见.
2022-10-24 08:21:48-B09XQFWQCR-标题不见.
2022-10-25 08:21:58-B09XQZHMBV-标题不见.
2022-10-25 08:21:58-B09XQFWQCR-标题不见.
2022-10-26 08:22:03-B09XQZHMBV-标题不见.
2022-10-26 08:22:03-B09XQFWQCR-标题不见.
2022-10-27 08:22:03-B09XQFWQCR-标题不见.
2022-10-27 08:22:03-B09XQZHMBV-标题不见.
2022-10-27 08:34:19-B09XQFWQCR-标题不见.
2022-10-27 08:34:19-B09XQZHMBV-标题不见.
2022-10-28 08:22:02-B09XQZHMBV-标题不见.
2022-10-28 08:22:02-B09XQFWQCR-标题不见.
2022-10-29 08:22:01-B09XQFWQCR-标题不见.
2022-10-29 08:22:01-B09XQZHMBV-标题不见.
2022-10-30 08:21:47-B09XQZHMBV-标题不见.
2022-10-30 08:21:47-B09XQFWQCR-标题不见.
2022-10-31 08:22:01-B09XQZHMBV-标题不见.
2022-10-31 08:22:01-B09XQFWQCR-标题不见.
2022-11-01 08:21:59-B09XQFWQCR-标题不见.
2022-11-01 08:21:59-B09XQZHMBV-标题不见.
2022-11-02 08:22:05-B09XQFWQCR-标题不见.
2022-11-02 08:22:05-B09XQZHMBV-标题不见.
2022-11-03 08:23:38-B09XQFWQCR-标题不见.
2022-11-03 08:23:38-B09XQZHMBV-标题不见.
2022-11-04 08:22:01-B09XQZHMBV-标题不见.
2022-11-04 08:22:01-B09XQFWQCR-标题不见.
2022-11-05 08:22:00-B09XQZHMBV-标题不见.
2022-11-05 08:22:00-B09XQFWQCR-标题不见.
2022-11-06 08:21:56-B09XQFWQCR-标题不见.
2022-11-06 08:21:56-B09XQZHMBV-标题不见.
2022-11-07 08:21:41-B09XQFWQCR-标题不见.
2022-11-07 08:21:41-B09XQZHMBV-标题不见.
2022-11-08 08:22:00-B09XQZHMBV-标题不见.
2022-11-08 08:22:00-B09XQFWQCR-标题不见.
2022-11-09 08:21:55-B09XQZHMBV-标题不见.
2022-11-09 08:21:55-B09XQFWQCR-标题不见.
2022-11-10 08:21:58-B09XQFWQCR-标题不见.
2022-11-10 08:21:58-B09XQZHMBV-标题不见.
2022-11-11 08:21:56-B09XQZHMBV-标题不见.
2022-11-11 08:21:56-B09XQFWQCR-标题不见.
2022-11-12 08:22:00-B09XQFWQCR-标题不见.
2022-11-12 08:22:00-B09XQZHMBV-标题不见.
2022-11-13 08:21:57-B09XQZHMBV-标题不见.
2022-11-13 08:21:57-B09XQFWQCR-标题不见.
2022-11-14 08:22:06-B09XQFWQCR-标题不见.
2022-11-14 08:22:06-B09XQZHMBV-标题不见.
2022-11-15 08:21:59-B09XQZHMBV-标题不见.
2022-11-15 08:21:59-B09XQFWQCR-标题不见.
2022-11-16 08:22:13-B09XQFWQCR-标题不见.
2022-11-16 08:22:13-B09XQZHMBV-标题不见.
2022-11-17 08:21:58-B09XQFWQCR-标题不见.
2022-11-17 08:21:58-B09XQZHMBV-标题不见.
2022-11-18 08:21:54-B09XQZHMBV-标题不见.
2022-11-18 08:21:54-B09XQFWQCR-标题不见.
2022-11-19 08:22:02-B09XQFWQCR-标题不见.
2022-11-19 08:22:02-B09XQZHMBV-标题不见.
2022-11-20 08:21:59-B09XQZHMBV-标题不见.
2022-11-20 08:21:59-B09XQFWQCR-标题不见.
2022-11-21 08:22:03-B09XQZHMBV-标题不见.
2022-11-21 08:22:03-B09XQFWQCR-标题不见.
2022-11-22 08:22:08-B09XQZHMBV-标题不见.
2022-11-22 08:22:08-B09XQFWQCR-标题不见.
2022-11-23 08:21:39-B09XQFWQCR-标题不见.
2022-11-23 08:21:39-B09XQZHMBV-标题不见.
2022-11-24 08:22:07-B09XQFWQCR-标题不见.
2022-11-24 08:22:07-B09XQZHMBV-标题不见.
2022-11-27 08:22:17-B09XQZHMBV-标题不见.
2022-11-27 08:22:17-B09XQFWQCR-标题不见.
2022-11-28 08:22:24-B09XQZHMBV-标题不见.
2022-11-28 08:22:24-B09XQFWQCR-标题不见.
2022-11-29 08:22:22-B09XQZHMBV-标题不见.
2022-11-29 08:22:22-B09XQFWQCR-标题不见.
2022-11-30 08:22:32-B09XQFWQCR-标题不见.
2022-11-30 08:22:32-B09XQZHMBV-标题不见.
2022-12-01 08:22:15-B09XQFWQCR-标题不见.
2022-12-01 08:22:15-B09XQZHMBV-标题不见.
2022-12-02 08:23:23-B09XQFWQCR-标题不见.
2022-12-02 08:23:23-B09XQZHMBV-标题不见.
2022-12-03 08:23:27-B09XQFWQCR-标题不见.
2022-12-03 08:23:27-B09XQZHMBV-标题不见.
2022-12-04 08:23:18-B09XQZHMBV-标题不见.
2022-12-04 08:23:18-B09XQFWQCR-标题不见.
2022-12-05 08:23:20-B09XQZHMBV-标题不见.
2022-12-05 08:23:20-B09XQFWQCR-标题不见.
2022-12-06 08:23:34-B09XQFWQCR-标题不见.
2022-12-06 08:23:34-B09XQZHMBV-标题不见.
2022-12-07 08:23:29-B09XQFWQCR-标题不见.
2022-12-07 08:23:29-B09XQZHMBV-标题不见.
2022-12-08 08:23:47-B09XQZHMBV-标题不见.
2022-12-08 08:23:47-B09XQFWQCR-标题不见.
2022-12-09 08:22:10-B09XQZHMBV-标题不见.
2022-12-09 08:22:10-B09XQFWQCR-标题不见.
2022-12-10 08:23:44-B09XQZHMBV-标题不见.
2022-12-10 08:23:44-B09XQFWQCR-标题不见.
2022-12-11 08:23:40-B09XQZHMBV-标题不见.
2022-12-11 08:23:40-B09XQFWQCR-标题不见.
2022-12-12 08:23:32-B09XQZHMBV-标题不见.
2022-12-12 08:23:32-B09XQFWQCR-标题不见.
2022-12-13 08:23:29-B09XQFWQCR-标题不见.
2022-12-13 08:23:29-B09XQZHMBV-标题不见.
2022-12-14 08:23:44-B09XQFWQCR-标题不见.
2022-12-14 08:23:44-B09XQZHMBV-标题不见.
2022-12-15 08:23:51-B09XQZHMBV-标题不见.
2022-12-15 08:23:51-B09XQFWQCR-标题不见.
2022-12-16 08:23:32-B09XQFWQCR-标题不见.
2022-12-16 08:23:32-B09XQZHMBV-标题不见.
2022-12-17 08:22:13-B09XQZHMBV-标题不见.
2022-12-17 08:22:13-B09XQFWQCR-标题不见.
2022-12-17 08:22:13-B0B2DBDGR3-缺货下线
2022-12-18 08:23:50-B09XQFWQCR-标题不见.
2022-12-18 08:23:50-B09XQZHMBV-标题不见.
2022-12-18 08:23:50-B0B2DBDGR3-缺货下线
2022-12-19 08:23:39-B09XQZHMBV-标题不见.
2022-12-19 08:23:39-B09XQFWQCR-标题不见.
2022-12-20 08:23:30-B09XQFWQCR-标题不见.
2022-12-20 08:23:30-B09XQZHMBV-标题不见.
2022-12-20 08:23:30-B0B2DBDGR3-缺货下线
2022-12-21 08:23:35-B09XQZHMBV-标题不见.
2022-12-21 08:23:35-B09XQFWQCR-标题不见.
2022-12-22 08:23:19-B09XQZHMBV-标题不见.
2022-12-22 08:23:19-B09XQFWQCR-标题不见.
2022-12-22 08:23:19-B0B2DBDGR3-缺货下线
2022-12-23 08:23:27-B09XQFWQCR-标题不见.
2022-12-23 08:23:27-B09XQZHMBV-标题不见.
2022-12-24 08:23:27-B09XQFWQCR-标题不见.
2022-12-24 08:23:27-B09XQZHMBV-标题不见.
2022-12-25 08:23:32-B09XQZHMBV-标题不见.
2022-12-25 08:23:32-B09FXTSMC4-缺货下线
2022-12-25 08:23:32-B09XQFWQCR-标题不见.
2022-12-25 08:23:32-B0B2DBDGR3-缺货下线
2022-12-26 08:23:26-B09XQFWQCR-标题不见.
2022-12-26 08:23:26-B09FXTSMC4-缺货下线
2022-12-26 08:23:26-B0B2DBDGR3-缺货下线
2022-12-26 08:23:26-B09XQZHMBV-标题不见.
2022-12-27 08:23:25-B09XQFWQCR-标题不见.
2022-12-27 08:23:25-B09XQZHMBV-标题不见.
2022-12-28 08:23:35-B09XQFWQCR-标题不见.
2022-12-28 08:23:35-B09FXTSMC4-缺货下线
2022-12-28 08:23:35-B0B2DBDGR3-缺货下线
2022-12-28 08:23:35-B09XQZHMBV-标题不见.
2022-12-29 08:23:31-B09XQZHMBV-标题不见.
2022-12-29 08:23:31-B09XQFWQCR-标题不见.
2022-12-29 08:23:31-B0B2DBDGR3-缺货下线
2022-12-30 08:22:00-B09XQFWQCR-标题不见.
2022-12-30 08:22:00-B09XQZHMBV-标题不见.
2022-12-31 08:23:35-B0B2DBDGR3-缺货下线
2022-12-31 08:23:35-B09XQFWQCR-标题不见.
2022-12-31 08:23:35-B09XQZHMBV-标题不见.
2023-01-01 08:23:22-B09XQFWQCR-标题不见.
2023-01-01 08:23:22-B09XQZHMBV-标题不见.
2023-01-01 08:23:22-B0B2DBDGR3-缺货下线
2023-01-02 08:23:30-B09XQZHMBV-标题不见.
2023-01-02 08:23:30-B09XQFWQCR-标题不见.
2023-01-02 08:23:30-B0B2DBDGR3-缺货下线
2023-01-04 08:23:28-B09XQZHMBV-标题不见.
2023-01-04 08:23:28-B09XQFWQCR-标题不见.
2023-01-05 08:23:31-B09XQZHMBV-标题不见.
2023-01-05 08:23:31-B0B2DBDGR3-缺货下线
2023-01-05 08:23:31-B09XQFWQCR-标题不见.
2023-01-06 08:23:30-B09XQFWQCR-标题不见.
2023-01-06 08:23:30-B0B2DBDGR3-缺货下线
2023-01-06 08:23:30-B09XQZHMBV-标题不见.
2023-01-07 08:22:03-B09XQFWQCR-标题不见.
2023-01-07 08:22:03-B09XQZHMBV-标题不见.
2023-01-08 08:23:29-B09XQZHMBV-标题不见.
2023-01-08 08:23:29-B0B2DBDGR3-缺货下线
2023-01-08 08:23:29-B09XQFWQCR-标题不见.
2023-01-09 08:23:29-B09XQFWQCR-标题不见.
2023-01-09 08:23:29-B09XQZHMBV-标题不见.
2023-01-09 08:23:29-B0B2DBDGR3-缺货下线
2023-01-10 08:23:38-B09XQFWQCR-标题不见.
2023-01-10 08:23:38-B09XQZHMBV-标题不见.
2023-01-11 08:23:40-B09XQFWQCR-标题不见.
2023-01-11 08:23:40-B0B2DBDGR3-缺货下线
2023-01-11 08:23:40-B09XQZHMBV-标题不见.
2023-01-12 08:23:33-B09XQZHMBV-标题不见.
2023-01-12 08:23:33-B0B2DBDGR3-缺货下线
2023-01-12 08:23:33-B09XQFWQCR-标题不见.
2023-01-13 08:23:13-B09XQZHMBV-标题不见.
2023-01-13 08:23:13-B09XQFWQCR-标题不见.
2023-01-13 08:23:13-B0B2DBDGR3-缺货下线
2023-01-14 08:23:16-B0B2DBDGR3-缺货下线
2023-01-14 08:23:16-B09XQFWQCR-标题不见.
2023-01-14 08:23:16-B09XQZHMBV-标题不见.
2023-01-15 08:21:48-B0B2DBDGR3-缺货下线
2023-01-15 08:21:48-B09XQFWQCR-标题不见.
2023-01-15 08:21:48-B09XQZHMBV-标题不见.
2023-01-16 08:21:45-B0B2DBDGR3-缺货下线
2023-01-16 08:21:45-B09XQFWQCR-标题不见.
2023-01-16 08:21:45-B09XQZHMBV-标题不见.
2023-01-17 08:21:53-B09XQZHMBV-标题不见.
2023-01-17 08:21:53-B09XQFWQCR-标题不见.
2023-01-18 08:23:13-B09XQZHMBV-标题不见.
2023-01-18 08:23:13-B09XQFWQCR-标题不见.
2023-01-18 08:23:13-B0B2DBDGR3-缺货下线
2023-01-19 08:23:09-B09XQFWQCR-标题不见.
2023-01-19 08:23:09-B0B2DBDGR3-缺货下线
2023-01-19 08:23:09-B09XQZHMBV-标题不见.
2023-01-20 08:23:26-B09XQZHMBV-标题不见.
2023-01-20 08:23:26-B09XQFWQCR-标题不见.
2023-01-20 08:23:26-B0B2DBDGR3-缺货下线
2023-01-21 08:23:42-B09XQZHMBV-标题不见.
2023-01-21 08:23:42-B09XQFWQCR-标题不见.
2023-01-21 08:23:42-B0B2DBDGR3-缺货下线
2023-01-22 08:23:16-B09XQFWQCR-标题不见.
2023-01-22 08:23:16-B0B2DBDGR3-缺货下线
2023-01-22 08:23:16-B09XQZHMBV-标题不见.
2023-01-23 08:23:12-B09XQZHMBV-标题不见.
2023-01-23 08:23:12-B09XQFWQCR-标题不见.
2023-01-23 08:23:12-B0B2DBDGR3-缺货下线
2023-01-24 08:23:15-B0B2DBDGR3-缺货下线
2023-01-24 08:23:15-B09XQZHMBV-标题不见.
2023-01-24 08:23:15-B09XQFWQCR-标题不见.
2023-01-25 08:23:12-B09XQZHMBV-标题不见.
2023-01-25 08:23:12-B09XQFWQCR-标题不见.
2023-01-25 08:23:12-B0B2DBDGR3-缺货下线
2023-01-26 08:23:20-B09XQFWQCR-标题不见.
2023-01-26 08:23:20-B0B2DBDGR3-缺货下线
2023-01-26 08:23:20-B09XQZHMBV-标题不见.
2023-01-27 08:23:27-B09XQZHMBV-标题不见.
2023-01-27 08:23:27-B09XQFWQCR-标题不见.
2023-01-27 08:23:27-B0B2DBDGR3-缺货下线
2023-01-28 08:23:15-B09XQZHMBV-标题不见.
2023-01-28 08:23:15-B0B2DBDGR3-缺货下线
2023-01-28 08:23:15-B09XQFWQCR-标题不见.
2023-01-29 08:23:10-B09XQZHMBV-标题不见.
2023-01-29 08:23:10-B0B2DBDGR3-缺货下线
2023-01-29 08:23:10-B09XQFWQCR-标题不见.
2023-01-30 08:23:15-B09XQFWQCR-标题不见.
2023-01-30 08:23:15-B0B2DBDGR3-缺货下线
2023-01-30 08:23:15-B09XQZHMBV-标题不见.
2023-02-11 08:22:11-B07T9Z2QH6-标题不见.
2023-02-11 08:22:11-B07L633KV8-标题不见.
2023-02-11 08:22:11-B07QWSBDH6-标题不见.
2023-02-11 08:22:11-B07L61MB7Y-标题不见.
2023-02-11 08:22:11-B07T9Z6DP8-标题不见.
2023-02-11 08:22:11-B07FQBBT5C-标题不见.
2023-02-11 08:22:11-B07QWT4CS9-标题不见.
2023-02-11 08:22:11-B0B2D83977-标题不见.
2023-02-11 08:22:11-B0B2D7S5MK-标题不见.
2023-02-11 08:22:11-B09Z1YCC24-标题不见.
2023-02-11 08:22:11-B0BFDX81NG-标题不见.
2023-02-11 08:22:11-B07T9Z26FQ-标题不见.
2023-02-11 08:22:11-B0922WBGXL-标题不见.
2023-02-11 08:22:11-B0BFDZ58JR-标题不见.
2023-02-11 08:22:11-B07XD34GXT-标题不见.
2023-02-11 08:22:11-B07TF49V3B-标题不见.
2023-02-11 08:22:11-B08ZS319ST-标题不见.
2023-02-11 08:22:11-B08S7BCVVD-标题不见.
2023-02-11 08:22:11-B07TBYY4RM-标题不见.
2023-02-11 08:22:11-B0BFDWJQKK-标题不见.
2023-02-11 08:22:11-B09BFBSQRD-标题不见.
2023-02-11 08:22:11-B07Y2Y7X9Q-标题不见.
2023-02-11 08:22:11-B07L63CKBJ-标题不见.
2023-02-11 08:22:11-B07XB1B35H-标题不见.
2023-02-11 08:22:11-B07T9YRV84-标题不见.
2023-02-11 08:22:11-B07TJDYFGT-标题不见.
2023-02-11 08:22:11-B09BDZTCRG-标题不见.
2023-02-11 08:22:11-B07QXQL3PS-标题不见.
2023-02-11 08:22:11-B07R33LQ4X-标题不见.
2023-02-11 08:22:11-B09VPCDZ4V-标题不见.
2023-02-11 08:22:11-B08Z8CYKBX-标题不见.
2023-02-11 08:22:11-B0BFDZNDRS-标题不见.
2023-02-11 08:22:11-B08S73JNGZ-标题不见.
2023-02-11 08:22:11-B07W8FFCH7-标题不见.
2023-02-11 08:22:11-B08S7BTJZF-标题不见.
2023-02-11 08:22:11-B085D8BL9P-标题不见.
2023-02-11 08:22:11-B0B2D6HZV1-标题不见.
2023-02-11 08:22:11-B0BFDZBW1S-标题不见.
2023-02-11 08:22:11-B07T9YHPR3-标题不见.
2023-02-11 08:22:11-B08Y14ZZJT-标题不见.
2023-02-11 08:22:11-B07R22ZQV2-标题不见.
2023-02-11 08:22:11-B09BDW8LPZ-标题不见.
2023-02-11 08:22:11-B07QYSXM2Y-标题不见.
2023-02-11 08:22:11-B07TH7VR83-标题不见.
2023-02-11 08:22:11-B0BFF2NQDX-标题不见.
2023-02-11 08:22:11-B07L61KS1H-标题不见.
2023-02-11 08:22:11-B07TPT6J7J-标题不见.
2023-02-11 08:22:11-B0BFF1T4BQ-标题不见.
2023-02-11 08:22:11-B07TBXWLXW-标题不见.
2023-02-11 08:22:11-B08S3FFNLP-标题不见.
2023-02-11 08:22:11-B085DQ4D58-标题不见.
2023-02-11 08:22:11-B0B2D7P76Q-标题不见.
2023-02-11 08:22:11-B07L62JCLS-标题不见.
2023-02-11 08:22:11-B08S6K7FL9-标题不见.
2023-02-11 08:22:11-B0B5YYKB7J-标题不见.
2023-02-11 08:22:11-B085DH2FTV-标题不见.
2023-02-11 08:22:11-B0BFDX5799-标题不见.
2023-02-11 08:22:11-B07TBZPLB6-标题不见.
2023-02-11 08:22:11-B0B7X23SNX-标题不见.
2023-02-11 08:22:11-B08S79LW1Y-标题不见.
2023-02-11 08:22:11-B0BJJSBC8G-标题不见.
2023-02-11 08:22:11-B07TMLZ8DF-标题不见.
2023-02-11 08:22:11-B096ZZFVB8-标题不见.
2023-02-11 08:22:11-B09QHZNXMP-标题不见.
2023-02-11 08:22:11-B09VP7568K-标题不见.
2023-02-11 08:22:11-B07DHJQRPN-标题不见.
2023-02-11 08:22:11-B0BFF1B8R1-标题不见.
2023-02-11 08:22:11-B0BFF2NDWP-标题不见.
2023-02-11 08:22:11-B07T9YNLSV-标题不见.
2023-02-11 08:22:11-B07TH8GSGB-标题不见.
2023-02-11 08:22:11-B07L6395ZF-标题不见.
2023-02-11 08:22:11-B0BFQBRBBH-标题不见.
2023-02-11 08:22:11-B09KTCDYB6-标题不见.
2023-02-11 08:22:11-B0B7X25GDK-标题不见.
2023-02-11 08:22:11-B0B2D8F5GB-标题不见.
2023-02-11 08:22:11-B08S7L4JFB-标题不见.
2023-02-11 08:22:11-B07TBYV5NM-标题不见.
2023-02-11 08:22:11-B07L62FCW6-标题不见.
2023-02-11 08:22:11-B0922TVWJF-标题不见.
2023-02-11 08:22:11-B07TBZ9SMP-标题不见.
2023-02-11 08:22:11-B07L637PQY-标题不见.
2023-02-11 08:22:11-B07L61J54V-标题不见.
2023-02-11 08:22:11-B07Y2ZGG8M-标题不见.
2023-02-11 08:22:11-B08S7FVHYZ-标题不见.
2023-02-11 08:22:11-B0BFDZZL9D-标题不见.
2023-02-11 08:22:11-B09B8NXC9M-标题不见.
2023-02-11 08:22:11-B09Z1SGVP9-标题不见.
2023-02-11 08:22:11-B09Z21QS2S-标题不见.
2023-02-11 08:22:11-B07L5SC5VL-标题不见.
2023-02-11 08:22:11-B07TH8HS4N-标题不见.
2023-02-11 08:22:11-B07Q83L196-标题不见.
2023-02-11 08:22:11-B07QWT46HD-标题不见.
2023-02-11 08:22:11-B085DB5MXR-标题不见.
2023-02-11 08:22:11-B09Z1NXKWN-标题不见.
2023-02-11 08:22:11-B0922WHP3G-标题不见.
2023-02-11 08:22:11-B085DNV97W-标题不见.
2023-02-11 08:22:11-B09VP95Q2K-标题不见.
2023-02-11 08:22:11-B07TBZMRP7-标题不见.
2023-02-11 08:22:11-B07T9YR7CL-标题不见.
2023-02-11 08:22:11-B085DGXQG4-标题不见.
2023-02-11 08:22:11-B09BDX2G2D-标题不见.
2023-02-11 08:22:11-B08S7FTWFB-标题不见.
2023-02-11 08:22:11-B07L62XRKP-标题不见.
2023-02-11 08:22:11-B07X8WYCFF-标题不见.
2023-02-11 08:22:11-B0BFDXMW6C-标题不见.
2023-02-11 08:22:11-B0B2D6BZ9D-标题不见.
2023-02-11 08:22:11-B07L61VK3L-标题不见.
2023-02-11 08:22:11-B07QXR2XBK-标题不见.
2023-02-11 08:22:11-B08S3DW72X-标题不见.
2023-02-11 08:22:11-B08S3HC5WZ-标题不见.
2023-02-11 08:22:11-B07QXQ7JLM-标题不见.
2023-02-11 08:22:11-B08Y5KLCW7-标题不见.
2023-02-11 08:22:11-B07TG7KQTQ-标题不见.
2023-02-11 08:22:11-B07L63XFJF-标题不见.
2023-02-11 08:22:11-B07H5DGZWJ-标题不见.
2023-02-11 08:22:11-B0BLN8XS3L-标题不见.
2023-02-11 08:22:11-B07TBZKM97-标题不见.
2023-02-11 08:22:11-B07L5R52XL-标题不见.
2023-02-11 08:22:11-B08XXDZT49-标题不见.
2023-02-11 08:22:11-B09WKDX7G6-标题不见.
2023-02-11 08:22:11-B09BF18SVV-标题不见.
2023-02-11 08:22:11-B09BDXBLC1-标题不见.
2023-02-11 08:22:11-B0B2D87NJJ-标题不见.
2023-02-11 08:22:11-B08S35TFGP-标题不见.
2023-02-11 08:22:11-B07L61JTCW-标题不见.
2023-02-11 08:22:11-B0BFDYVL94-标题不见.
2023-02-11 08:22:11-B0B3D3SSSJ-标题不见.
2023-02-11 08:22:11-B09BDYLMW2-标题不见.
2023-02-11 08:22:11-B07L622D1K-标题不见.
2023-02-11 08:22:11-B0BFF1KC9K-标题不见.
2023-02-11 08:22:11-B07L62Q6PF-标题不见.
2023-02-11 08:22:11-B085DGTHRT-标题不见.
2023-02-11 08:22:11-B07L62YWB7-标题不见.
2023-02-11 08:22:11-B06XQXNB5R-标题不见.
2023-02-11 08:22:11-B07L61WSP4-标题不见.
2023-02-11 08:22:11-B085DCYYDT-标题不见.
2023-02-11 08:22:11-B085DRYDN1-标题不见.
2023-02-11 08:22:11-B0B3D6B2XR-标题不见.
2023-02-12 08:21:05-B07L61VK3L-标题不见.
2023-02-13 08:21:07-B07H5DGZWJ-标题不见.
2023-02-13 08:21:07-B09VPCDZ4V-标题不见.
2023-02-13 08:21:07-B07Y2Y7X9Q-标题不见.
2023-02-13 08:21:07-B08S35TFGP-标题不见.
2023-02-13 08:21:07-B07L63CKBJ-标题不见.
2023-02-13 08:21:07-B09Z1YCC24-标题不见.
2023-02-13 08:21:07-B07TBZ9SMP-标题不见.
2023-02-13 08:21:07-B07QXR2XBK-标题不见.
2023-02-13 08:21:07-B07L62Q6PF-标题不见.
2023-02-13 08:21:07-B0BFF1KC9K-标题不见.
2023-02-13 08:21:07-B07L6395ZF-标题不见.
2023-02-13 08:21:07-B07T9Z2QH6-标题不见.
2023-02-13 08:21:07-B07L637PQY-标题不见.
2023-02-13 08:21:07-B07L633KV8-标题不见.
2023-02-13 08:21:07-B0B2D83977-标题不见.
2023-02-13 08:21:07-B09BDYLMW2-标题不见.
2023-02-13 08:21:07-B07T9Z6DP8-标题不见.
2023-02-13 08:21:07-B07X8WYCFF-标题不见.
2023-02-13 08:21:07-B07TF49V3B-标题不见.
2023-02-13 08:21:07-B08S7FTWFB-标题不见.
2023-02-13 08:21:07-B0BFDXMW6C-标题不见.
2023-02-13 08:21:07-B07TBZMRP7-标题不见.
2023-02-13 08:21:07-B0BFF2NDWP-标题不见.
2023-02-13 08:21:07-B0BFF1B8R1-标题不见.
2023-02-13 08:21:07-B09BDZTCRG-标题不见.
2023-02-13 08:21:07-B0B5YYKB7J-标题不见.
2023-02-13 08:21:07-B07R22ZQV2-标题不见.
2023-02-13 08:21:07-B0922WBGXL-标题不见.
2023-02-13 08:21:07-B085DNV97W-标题不见.
2023-02-13 08:21:07-B0BFDZZL9D-标题不见.
2023-02-13 08:21:07-B07TH8GSGB-标题不见.
2023-02-13 08:21:07-B085DRYDN1-标题不见.
2023-02-13 08:21:07-B09BFBSQRD-标题不见.
2023-02-13 08:21:07-B085DGXQG4-标题不见.
2023-02-13 08:21:07-B07L62FCW6-标题不见.
2023-02-13 08:21:07-B09Z21QS2S-标题不见.
2023-02-13 08:21:07-B08Y14ZZJT-标题不见.
2023-02-13 08:21:07-B08S79LW1Y-标题不见.
2023-02-13 08:21:07-B0B3D3SSSJ-标题不见.
2023-02-13 08:21:07-B096ZZFVB8-标题不见.
2023-02-13 08:21:07-B07TJDYFGT-标题不见.
2023-02-13 08:21:07-B0922WHP3G-标题不见.
2023-02-13 08:21:07-B08S6K7FL9-标题不见.
2023-02-13 08:21:07-B07L5R52XL-标题不见.
2023-02-13 08:21:07-B07L622D1K-标题不见.
2023-02-13 08:21:07-B08Z8CYKBX-标题不见.
2023-02-13 08:21:07-B07FQBBT5C-标题不见.
2023-02-13 08:21:07-B0BFF2NQDX-标题不见.
2023-02-13 08:21:07-B0B2D87NJJ-标题不见.
2023-02-13 08:21:07-B08S3HC5WZ-标题不见.
2023-02-13 08:21:07-B07T9YHPR3-标题不见.
2023-02-13 08:21:07-B085DCYYDT-标题不见.
2023-02-13 08:21:07-B0922TVWJF-标题不见.
2023-02-13 08:21:07-B07QWT46HD-标题不见.
2023-02-13 08:21:07-B0B2D6BZ9D-标题不见.
2023-02-13 08:21:07-B09KTCDYB6-标题不见.
2023-02-13 08:21:07-B09BDX2G2D-标题不见.
2023-02-13 08:21:07-B07TG7KQTQ-标题不见.
2023-02-13 08:21:07-B07Y2ZGG8M-标题不见.
2023-02-13 08:21:07-B08Y5KLCW7-标题不见.
2023-02-13 08:21:07-B0B2D6HZV1-标题不见.
2023-02-13 08:21:07-B0BJJSBC8G-标题不见.
2023-02-13 08:21:07-B07L63XFJF-标题不见.
2023-02-13 08:21:07-B07QXQ7JLM-标题不见.
2023-02-13 08:21:07-B09BDW8LPZ-标题不见.
2023-02-13 08:21:07-B07QWSBDH6-标题不见.
2023-02-13 08:21:07-B0BFDWJQKK-标题不见.
2023-02-13 08:21:07-B0BFDX81NG-标题不见.
2023-02-13 08:21:07-B07W8FFCH7-标题不见.
2023-02-13 08:21:07-B08S3FFNLP-标题不见.
2023-02-13 08:21:07-B09QHZNXMP-标题不见.
2023-02-13 08:21:07-B07T9YRV84-标题不见.
2023-02-13 08:21:07-B07L61WSP4-标题不见.
2023-02-13 08:21:07-B07L61J54V-标题不见.
2023-02-13 08:21:07-B07TBYV5NM-标题不见.
2023-02-13 08:21:07-B07QYSXM2Y-标题不见.
2023-02-13 08:21:07-B0B2D7P76Q-标题不见.
2023-02-13 08:21:07-B07L62XRKP-标题不见.
2023-02-13 08:21:07-B08XXDZT49-标题不见.
2023-02-13 08:21:07-B07L61JTCW-标题不见.
2023-02-13 08:21:07-B085DQ4D58-标题不见.
2023-02-13 08:21:07-B08S7BTJZF-标题不见.
2023-02-13 08:21:07-B0BFQBRBBH-标题不见.
2023-02-13 08:21:07-B09BDXBLC1-标题不见.
2023-02-13 08:21:07-B09B8NXC9M-标题不见.
2023-02-13 08:21:07-B0BFF1T4BQ-标题不见.
2023-02-13 08:21:07-B08ZS319ST-标题不见.
2023-02-13 08:21:07-B0BFDX5799-标题不见.
2023-02-13 08:21:07-B0B2D7S5MK-标题不见.
2023-02-13 08:21:07-B085DB5MXR-标题不见.
2023-02-13 08:21:07-B0BFDZNDRS-标题不见.
2023-02-13 08:21:07-B09Z1NXKWN-标题不见.
2023-02-13 08:21:07-B09VP95Q2K-标题不见.
2023-02-13 08:21:07-B085DGTHRT-标题不见.
2023-02-13 08:21:07-B07R33LQ4X-标题不见.
2023-02-13 08:21:07-B08S73JNGZ-标题不见.
2023-02-13 08:21:07-B0B3D6B2XR-标题不见.
2023-02-13 08:21:07-B07TPT6J7J-标题不见.
2023-02-13 08:21:07-B07QWT4CS9-标题不见.
2023-02-13 08:21:07-B0BFDZBW1S-标题不见.
2023-02-13 08:21:07-B07DHJQRPN-标题不见.
2023-02-13 08:21:07-B09Z1SGVP9-标题不见.
2023-02-13 08:21:07-B0B2D8F5GB-标题不见.
2023-02-13 08:21:07-B07TH8HS4N-标题不见.
2023-02-13 08:21:07-B07L62YWB7-标题不见.
2023-02-13 08:21:07-B07XB1B35H-标题不见.
2023-02-13 08:21:07-B07L5SC5VL-标题不见.
2023-02-13 08:21:07-B07TBXWLXW-标题不见.
2023-02-13 08:21:07-B07L61MB7Y-标题不见.
2023-02-13 08:21:07-B07T9YNLSV-标题不见.
2023-02-13 08:21:07-B07TBZPLB6-标题不见.
2023-02-13 08:21:07-B07T9Z26FQ-标题不见.
2023-02-13 08:21:07-B07L61KS1H-标题不见.
2023-02-13 08:21:07-B085DH2FTV-标题不见.
2023-02-13 08:21:07-B07L62JCLS-标题不见.
2023-02-13 08:21:07-B07TBYY4RM-标题不见.
2023-02-13 08:21:07-B07TH7VR83-标题不见.
2023-02-13 08:21:07-B09BF18SVV-标题不见.
2023-02-13 08:21:07-B08S7L4JFB-标题不见.
2023-02-13 08:21:07-B07L61VK3L-标题不见.
2023-02-13 08:21:07-B06XQXNB5R-标题不见.
2023-02-13 08:21:07-B08S3DW72X-标题不见.
2023-02-13 08:21:07-B0BFDYVL94-标题不见.
2023-02-13 08:21:07-B08S7FVHYZ-标题不见.
2023-02-13 08:21:07-B085D8BL9P-标题不见.
2023-02-13 08:21:07-B07T9YR7CL-标题不见.
2023-02-13 08:21:07-B07Q83L196-标题不见.
2023-02-13 08:21:07-B08S7BCVVD-标题不见.
2023-02-13 08:21:07-B0B7X25GDK-标题不见.
2023-02-13 08:21:07-B07XD34GXT-标题不见.
2023-02-13 08:21:07-B0BFDZ58JR-标题不见.
2023-02-13 08:21:07-B07TBZKM97-标题不见.
2023-02-13 08:21:07-B0B7X23SNX-标题不见.
2023-02-13 08:21:07-B0BLN8XS3L-标题不见.
2023-02-13 08:21:07-B09VP7568K-标题不见.
2023-02-13 08:21:07-B07QXQL3PS-标题不见.
2023-02-13 08:21:07-B09WKDX7G6-标题不见.
2023-02-13 08:21:07-B07TMLZ8DF-标题不见.
2023-02-14 08:21:01-B09VP7568K-标题不见.
2023-02-14 08:21:01-B07TJDYFGT-标题不见.
2023-02-14 08:21:01-B08S79LW1Y-标题不见.
2023-02-14 08:21:01-B08S3DW72X-标题不见.
2023-02-14 08:21:01-B07XD34GXT-标题不见.
2023-02-14 08:21:01-B0BFF2NQDX-标题不见.
2023-02-14 08:21:01-B08Z8CYKBX-标题不见.
2023-02-14 08:21:01-B085DCYYDT-标题不见.
2023-02-14 08:21:01-B0B2D6HZV1-标题不见.
2023-02-14 08:21:01-B08Y14ZZJT-标题不见.
2023-02-14 08:21:01-B08S35TFGP-标题不见.
2023-02-14 08:21:01-B0B2D8F5GB-标题不见.
2023-02-14 08:21:01-B08ZS319ST-标题不见.
2023-02-14 08:21:01-B07L62XRKP-标题不见.
2023-02-14 08:21:01-B07R33LQ4X-标题不见.
2023-02-14 08:21:01-B09BF18SVV-标题不见.
2023-02-14 08:21:01-B07TH8HS4N-标题不见.
2023-02-14 08:21:01-B0BFDZNDRS-标题不见.
2023-02-14 08:21:01-B07XB1B35H-标题不见.
2023-02-14 08:21:01-B07Y2ZGG8M-标题不见.
2023-02-14 08:21:01-B08S7L4JFB-标题不见.
2023-02-14 08:21:01-B085DGTHRT-标题不见.
2023-02-14 08:21:01-B07Y2Y7X9Q-标题不见.
2023-02-14 08:21:01-B08Y5KLCW7-标题不见.
2023-02-14 08:21:01-B07T9Z2QH6-标题不见.
2023-02-14 08:21:01-B07QYSXM2Y-标题不见.
2023-02-14 08:21:01-B09Z1SGVP9-标题不见.
2023-02-14 08:21:01-B07Q83L196-标题不见.
2023-02-14 08:21:01-B07TH7VR83-标题不见.
2023-02-14 08:21:01-B0B2D6BZ9D-标题不见.
2023-02-14 08:21:01-B07L61J54V-标题不见.
2023-02-14 08:21:01-B07X8WYCFF-标题不见.
2023-02-14 08:21:01-B07TMLZ8DF-标题不见.
2023-02-14 08:21:01-B09B8NXC9M-标题不见.
2023-02-14 08:21:01-B07T9YR7CL-标题不见.
2023-02-14 08:21:01-B09BDZTCRG-标题不见.
2023-02-14 08:21:01-B0BFDXMW6C-标题不见.
2023-02-14 08:21:01-B0BFQBRBBH-标题不见.
2023-02-14 08:21:01-B0BFDWJQKK-标题不见.
2023-02-14 08:21:01-B08XXDZT49-标题不见.
2023-02-14 08:21:01-B07L5R52XL-标题不见.
2023-02-14 08:21:01-B0B2D83977-标题不见.
2023-02-14 08:21:01-B08S3HC5WZ-标题不见.
2023-02-14 08:21:01-B07T9Z26FQ-标题不见.
2023-02-14 08:21:01-B07TBZKM97-标题不见.
2023-02-14 08:21:01-B09BDXBLC1-标题不见.
2023-02-14 08:21:01-B08S7FTWFB-标题不见.
2023-02-14 08:21:01-B0BFDX5799-标题不见.
2023-02-14 08:21:01-B07QXR2XBK-标题不见.
2023-02-14 08:21:01-B0B2D87NJJ-标题不见.
2023-02-14 08:21:01-B0B5YYKB7J-标题不见.
2023-02-14 08:21:01-B07L63CKBJ-标题不见.
2023-02-14 08:21:01-B07TH8GSGB-标题不见.
2023-02-14 08:21:01-B0BFDZZL9D-标题不见.
2023-02-14 08:21:01-B07T9YHPR3-标题不见.
2023-02-14 08:21:01-B085DGXQG4-标题不见.
2023-02-14 08:21:01-B0B2D7S5MK-标题不见.
2023-02-14 08:21:01-B0B3D3SSSJ-标题不见.
2023-02-14 08:21:01-B07L637PQY-标题不见.
2023-02-14 08:21:01-B07L6395ZF-标题不见.
2023-02-14 08:21:01-B07L633KV8-标题不见.
2023-02-14 08:21:01-B09VPCDZ4V-标题不见.
2023-02-14 08:21:01-B07L62YWB7-标题不见.
2023-02-14 08:21:01-B07TBYV5NM-标题不见.
2023-02-14 08:21:01-B08S6K7FL9-标题不见.
2023-02-14 08:21:01-B07H5DGZWJ-标题不见.
2023-02-14 08:21:01-B08S7FVHYZ-标题不见.
2023-02-14 08:21:01-B0BLN8XS3L-标题不见.
2023-02-14 08:21:01-B07L61VK3L-标题不见.
2023-02-14 08:21:01-B07T9Z6DP8-标题不见.
2023-02-14 08:21:01-B0922TVWJF-标题不见.
2023-02-14 08:21:01-B07QWSBDH6-标题不见.
2023-02-14 08:21:01-B09BDX2G2D-标题不见.
2023-02-14 08:21:01-B09BDW8LPZ-标题不见.
2023-02-14 08:21:01-B07TBXWLXW-标题不见.
2023-02-14 08:21:01-B07L5SC5VL-标题不见.
2023-02-14 08:21:01-B08S7BTJZF-标题不见.
2023-02-14 08:21:01-B0BFDX81NG-标题不见.
2023-02-14 08:21:01-B085D8BL9P-标题不见.
2023-02-14 08:21:01-B0BFDZ58JR-标题不见.
2023-02-14 08:21:01-B0BFF1T4BQ-标题不见.
2023-02-14 08:21:01-B07L62FCW6-标题不见.
2023-02-14 08:21:01-B09Z21QS2S-标题不见.
2023-02-14 08:21:01-B085DB5MXR-标题不见.
2023-02-14 08:21:01-B0B3D6B2XR-标题不见.
2023-02-14 08:21:01-B0B2D7P76Q-标题不见.
2023-02-14 08:21:01-B07L62Q6PF-标题不见.
2023-02-14 08:21:01-B07TBYY4RM-标题不见.
2023-02-14 08:21:01-B06XQXNB5R-标题不见.
2023-02-14 08:21:01-B085DQ4D58-标题不见.
2023-02-14 08:21:01-B07QXQ7JLM-标题不见.
2023-02-14 08:21:01-B0BFF2NDWP-标题不见.
2023-02-14 08:21:01-B07TPT6J7J-标题不见.
2023-02-14 08:21:01-B07TG7KQTQ-标题不见.
2023-02-14 08:21:01-B07T9YRV84-标题不见.
2023-02-14 08:21:01-B09QHZNXMP-标题不见.
2023-02-14 08:21:01-B07L61WSP4-标题不见.
2023-02-14 08:21:01-B0922WHP3G-标题不见.
2023-02-14 08:21:01-B09BFBSQRD-标题不见.
2023-02-14 08:21:01-B09WKDX7G6-标题不见.
2023-02-14 08:21:01-B085DRYDN1-标题不见.
2023-02-14 08:21:01-B07L622D1K-标题不见.
2023-02-14 08:21:01-B07L61MB7Y-标题不见.
2023-02-14 08:21:01-B07TF49V3B-标题不见.
2023-02-14 08:21:01-B0B7X25GDK-标题不见.
2023-02-14 08:21:01-B09Z1YCC24-标题不见.
2023-02-14 08:21:01-B0BJJSBC8G-标题不见.
2023-02-14 08:21:01-B07T9YNLSV-标题不见.
2023-02-14 08:21:01-B07DHJQRPN-标题不见.
2023-02-14 08:21:01-B07QWT46HD-标题不见.
2023-02-14 08:21:01-B07QWT4CS9-标题不见.
2023-02-14 08:21:01-B085DH2FTV-标题不见.
2023-02-14 08:21:01-B07L61JTCW-标题不见.
2023-02-14 08:21:01-B096ZZFVB8-标题不见.
2023-02-14 08:21:01-B09BDYLMW2-标题不见.
2023-02-14 08:21:01-B09KTCDYB6-标题不见.
2023-02-14 08:21:01-B0BFDYVL94-标题不见.
2023-02-14 08:21:01-B07L61KS1H-标题不见.
2023-02-14 08:21:01-B0922WBGXL-标题不见.
2023-02-14 08:21:01-B08S7BCVVD-标题不见.
2023-02-14 08:21:01-B0B7X23SNX-标题不见.
2023-02-14 08:21:01-B0BFDZBW1S-标题不见.
2023-02-14 08:21:01-B07L63XFJF-标题不见.
2023-02-14 08:21:01-B07L62JCLS-标题不见.
2023-02-14 08:21:01-B08S3FFNLP-标题不见.
2023-02-14 08:21:01-B085DNV97W-标题不见.
2023-02-14 08:21:01-B07QXQL3PS-标题不见.
2023-02-14 08:21:01-B08S73JNGZ-标题不见.
2023-02-14 08:21:01-B07W8FFCH7-标题不见.
2023-02-14 08:21:01-B07TBZ9SMP-标题不见.
2023-02-14 08:21:01-B07TBZMRP7-标题不见.
2023-02-14 08:21:01-B07R22ZQV2-标题不见.
2023-02-14 08:21:01-B09VP95Q2K-标题不见.
2023-02-14 08:21:01-B07FQBBT5C-标题不见.
2023-02-14 08:21:01-B0BFF1KC9K-标题不见.
2023-02-14 08:21:01-B09Z1NXKWN-标题不见.
2023-02-14 08:21:01-B07TBZPLB6-标题不见.
2023-02-14 08:21:01-B0BFF1B8R1-标题不见.
2023-02-14 17:06:10-B07T9Z6DP8-标题不见.
2023-02-14 17:06:10-B0B2D7S5MK-标题不见.
2023-02-14 17:06:10-B07T9YNLSV-标题不见.
2023-02-14 17:06:10-B09B8NXC9M-标题不见.
2023-02-14 17:06:10-B0BFF1KC9K-标题不见.
2023-02-14 17:06:10-B07H5DGZWJ-标题不见.
2023-02-14 17:06:10-B07TBZ9SMP-标题不见.
2023-02-14 17:06:10-B0BFF2NDWP-标题不见.
2023-02-14 17:06:10-B07QXQL3PS-标题不见.
2023-02-14 17:06:10-B07TH8HS4N-标题不见.
2023-02-14 17:06:10-B07T9Z2QH6-标题不见.
2023-02-14 17:06:10-B07L63CKBJ-标题不见.
2023-02-14 17:06:10-B085DGXQG4-标题不见.
2023-02-14 17:06:10-B09BDXBLC1-标题不见.
2023-02-14 17:06:10-B085DCYYDT-标题不见.
2023-02-14 17:06:10-B07QXR2XBK-标题不见.
2023-02-14 17:06:10-B07L62XRKP-标题不见.
2023-02-14 17:06:10-B08S7FTWFB-标题不见.
2023-02-14 17:06:10-B0B2D7P76Q-标题不见.
2023-02-14 17:06:10-B07L61MB7Y-标题不见.
2023-02-14 17:06:10-B08ZS319ST-标题不见.
2023-02-14 17:06:10-B07L61KS1H-标题不见.
2023-02-14 17:06:10-B09BDYLMW2-标题不见.
2023-02-14 17:06:10-B07R22ZQV2-标题不见.
2023-02-14 17:06:10-B07X8WYCFF-标题不见.
2023-02-14 17:06:10-B07L633KV8-标题不见.
2023-02-14 17:06:10-B0BFDXMW6C-标题不见.
2023-02-14 17:06:10-B07L622D1K-标题不见.
2023-02-14 17:06:10-B0922TVWJF-标题不见.
2023-02-14 17:06:10-B07L637PQY-标题不见.
2023-02-14 17:06:10-B09BDX2G2D-标题不见.
2023-02-14 17:06:10-B07L5SC5VL-标题不见.
2023-02-14 17:06:10-B085DRYDN1-标题不见.
2023-02-14 17:06:10-B07TH8GSGB-标题不见.
2023-02-14 17:06:10-B07TJDYFGT-标题不见.
2023-02-14 17:06:10-B08S7BTJZF-标题不见.
2023-02-14 17:06:10-B07L62Q6PF-标题不见.
2023-02-14 17:06:10-B07L62JCLS-标题不见.
2023-02-14 17:06:10-B0922WBGXL-标题不见.
2023-02-14 17:06:10-B08S7L4JFB-标题不见.
2023-02-14 17:06:10-B07QWSBDH6-标题不见.
2023-02-14 17:06:10-B07XB1B35H-标题不见.
2023-02-14 17:06:10-B09BFBSQRD-标题不见.
2023-02-14 17:06:10-B09QHZNXMP-标题不见.
2023-02-14 17:06:10-B0BFDYVL94-标题不见.
2023-02-14 17:06:10-B08S79LW1Y-标题不见.
2023-02-14 17:06:10-B0B7X25GDK-标题不见.
2023-02-14 17:06:10-B0B3D6B2XR-标题不见.
2023-02-14 17:06:10-B07L61JTCW-标题不见.
2023-02-14 17:06:10-B07FQBBT5C-标题不见.
2023-02-14 17:06:10-B0BFDX5799-标题不见.
2023-02-14 17:06:10-B07QWT4CS9-标题不见.
2023-02-14 17:06:10-B07TBYY4RM-标题不见.
2023-02-14 17:06:10-B09KTCDYB6-标题不见.
2023-02-14 17:06:10-B09VPCDZ4V-标题不见.
2023-02-14 17:06:10-B0BJJSBC8G-标题不见.
2023-02-14 17:06:10-B096ZZFVB8-标题不见.
2023-02-14 17:06:10-B07L63XFJF-标题不见.
2023-02-14 17:06:10-B0BFDZ58JR-标题不见.
2023-02-14 17:06:10-B08Z8CYKBX-标题不见.
2023-02-16 08:44:44-B0BFDYVL94-标题不见.
2023-02-16 08:44:44-B08S7FVHYZ-标题不见.
2023-02-16 08:44:44-B0BFDZ58JR-标题不见.
2023-02-16 08:44:44-B09VP95Q2K-标题不见.
2023-02-16 08:44:44-B07QWT46HD-标题不见.
2023-02-16 08:44:44-B09BDZTCRG-标题不见.
2023-02-16 08:44:44-B0B2D7P76Q-标题不见.
2023-02-16 08:44:44-B08XXDZT49-标题不见.
2023-02-16 08:44:44-B07TH8GSGB-标题不见.
2023-02-16 08:44:44-B07R33LQ4X-标题不见.
2023-02-16 08:44:44-B09VPCDZ4V-标题不见.
2023-02-16 08:44:44-B0B5YYKB7J-标题不见.
2023-02-16 08:44:44-B07L62YWB7-标题不见.
2023-02-16 08:44:44-B07TH7VR83-标题不见.
2023-02-16 08:44:44-B07QYSXM2Y-标题不见.
2023-02-16 08:44:44-B0BFDZBW1S-标题不见.
2023-02-16 08:44:44-B0BFDX5799-标题不见.
2023-02-16 08:44:44-B09QHZNXMP-标题不见.
2023-02-16 08:44:44-B07QXR2XBK-标题不见.
2023-02-16 08:44:44-B0BFDWJQKK-标题不见.
2023-02-16 08:44:44-B08S7FTWFB-标题不见.
2023-02-16 08:44:44-B07T9YRV84-标题不见.
2023-02-16 08:44:44-B07T9YR7CL-标题不见.
2023-02-16 08:44:44-B07L63XFJF-标题不见.
2023-02-16 08:44:44-B07L5SC5VL-标题不见.
2023-02-16 08:44:44-B07XD34GXT-标题不见.
2023-02-16 08:44:44-B0BLN8XS3L-标题不见.
2023-02-16 08:44:44-B08Z8CYKBX-标题不见.
2023-02-16 08:44:44-B0BFF2NQDX-标题不见.
2023-02-16 08:44:44-B09Z1SGVP9-标题不见.
2023-02-16 08:44:44-B09Z1YCC24-标题不见.
2023-02-16 08:44:44-B0BFF2NDWP-标题不见.
2023-02-16 08:44:44-B07TH8HS4N-标题不见.
2023-02-16 08:44:44-B096ZZFVB8-标题不见.
2023-02-16 08:44:44-B08S3HC5WZ-标题不见.
2023-02-16 08:44:44-B07FQBBT5C-标题不见.
2023-02-16 08:44:44-B0BFDXMW6C-标题不见.
2023-02-16 08:44:44-B07X8WYCFF-标题不见.
2023-02-16 08:44:44-B0B7X23SNX-标题不见.
2023-02-16 08:44:44-B07TF49V3B-标题不见.
2023-02-16 08:44:44-B08S7BCVVD-标题不见.
2023-02-16 08:44:44-B07H5DGZWJ-标题不见.
2023-02-16 08:44:44-B07L61JTCW-标题不见.
2023-02-16 08:44:44-B0BFDX81NG-标题不见.
2023-02-16 08:44:44-B085D8BL9P-标题不见.
2023-02-16 08:44:44-B09BDW8LPZ-标题不见.
2023-02-16 08:44:44-B07L61KS1H-标题不见.
2023-02-16 08:44:44-B07L5R52XL-标题不见.
2023-02-16 08:44:44-B07T9Z26FQ-标题不见.
2023-02-16 08:44:44-B09KTCDYB6-标题不见.
2023-02-16 08:44:44-B07T9YHPR3-标题不见.
2023-02-16 08:44:44-B08Y14ZZJT-标题不见.
2023-02-16 08:44:44-B09BDXBLC1-标题不见.
2023-02-16 08:44:44-B07L61J54V-标题不见.
2023-02-16 08:44:44-B07QXQ7JLM-标题不见.
2023-02-16 08:44:44-B085DRYDN1-标题不见.
2023-02-16 08:44:44-B0922TVWJF-标题不见.
2023-02-16 08:44:44-B09BFBSQRD-标题不见.
2023-02-16 08:44:44-B09WKDX7G6-标题不见.
2023-02-16 08:44:44-B07T9Z6DP8-标题不见.
2023-02-16 08:44:44-B0BFDZNDRS-标题不见.
2023-02-16 08:44:44-B09B8NXC9M-标题不见.
2023-02-16 08:44:44-B085DQ4D58-标题不见.
2023-02-16 08:44:44-B09Z1NXKWN-标题不见.
2023-02-16 08:44:44-B07TJDYFGT-标题不见.
2023-02-16 08:44:44-B07L637PQY-标题不见.
2023-02-16 08:44:44-B085DH2FTV-标题不见.
2023-02-16 08:44:44-B07TBZPLB6-标题不见.
2023-02-16 08:44:44-B08S35TFGP-标题不见.
2023-02-16 08:44:44-B07L61WSP4-标题不见.
2023-02-16 08:44:44-B08Y5KLCW7-标题不见.
2023-02-16 08:44:44-B07TBZMRP7-标题不见.
2023-02-16 08:44:44-B08S79LW1Y-标题不见.
2023-02-16 08:44:44-B07W8FFCH7-标题不见.
2023-02-16 08:44:44-B0BFF1B8R1-标题不见.
2023-02-16 09:23:14-B09WKDX7G6-标题不见.
2023-02-16 09:23:14-B07Q83L196-标题不见.
2023-02-16 09:23:14-B0BFDX5799-标题不见.
2023-02-16 09:23:14-B08S7FVHYZ-标题不见.
2023-02-16 09:23:14-B07L62JCLS-标题不见.
2023-02-16 09:23:14-B08ZS319ST-标题不见.
2023-02-16 09:23:14-B07L63CKBJ-标题不见.
2023-02-16 09:23:14-B07DHJQRPN-标题不见.
2023-02-16 09:23:14-B07FQBBT5C-标题不见.
2023-02-16 09:23:14-B07QWT46HD-标题不见.
2023-02-16 09:23:14-B07TH8GSGB-标题不见.
2023-02-16 09:23:14-B07X8WYCFF-标题不见.
2023-02-16 09:23:14-B07T9YR7CL-标题不见.
2023-02-16 09:23:14-B085DRYDN1-标题不见.
2023-02-16 09:23:14-B08XXDZT49-标题不见.
2023-02-16 09:23:14-B07L622D1K-标题不见.
2023-02-16 09:23:14-B07T9Z2QH6-标题不见.
2023-02-16 09:23:14-B09VP95Q2K-标题不见.
2023-02-16 09:23:14-B0B2D8F5GB-标题不见.
2023-02-16 09:23:14-B0B2D7S5MK-标题不见.
2023-02-16 09:23:14-B0B3D6B2XR-标题不见.
2023-02-16 09:23:14-B0BFQBRBBH-标题不见.
2023-02-16 09:23:14-B0BJJSBC8G-标题不见.
2023-02-16 09:23:14-B07L61WSP4-标题不见.
2023-02-16 09:23:14-B09BDW8LPZ-标题不见.
2023-02-16 09:23:14-B07Y2ZGG8M-标题不见.
2023-02-16 09:23:14-B07L5SC5VL-标题不见.
2023-02-16 09:23:14-B09BDZTCRG-标题不见.
2023-02-16 09:23:14-B08S7FTWFB-标题不见.
2023-02-16 09:23:14-B085DB5MXR-标题不见.
2023-02-16 09:23:14-B09BDXBLC1-标题不见.
2023-02-16 09:23:14-B085DCYYDT-标题不见.
2023-02-16 09:23:14-B0BFDZNDRS-标题不见.
2023-02-16 09:23:14-B07R33LQ4X-标题不见.
2023-02-16 09:23:14-B09QHZNXMP-标题不见.
2023-02-16 09:23:14-B07TBZKM97-标题不见.
2023-02-16 09:23:14-B07TPT6J7J-标题不见.
2023-02-16 09:23:14-B07TH8HS4N-标题不见.
2023-02-16 09:23:14-B07T9YNLSV-标题不见.
2023-02-16 09:23:14-B07TBZMRP7-标题不见.
2023-02-16 09:23:14-B0BFF2NDWP-标题不见.
2023-02-16 09:23:14-B085DGTHRT-标题不见.
2023-02-16 09:23:14-B07W8FFCH7-标题不见.
2023-02-16 09:23:14-B0B2D6HZV1-标题不见.
2023-02-16 09:23:14-B09BDX2G2D-标题不见.
2023-02-16 09:23:14-B08Y14ZZJT-标题不见.
2023-02-16 09:23:14-B085D8BL9P-标题不见.
2023-02-16 09:23:14-B07T9Z26FQ-标题不见.
2023-02-16 09:23:14-B08S7BCVVD-标题不见.
2023-02-16 09:23:14-B085DQ4D58-标题不见.
2023-02-16 09:23:14-B0BFDYVL94-标题不见.
2023-02-16 09:23:14-B06XQXNB5R-标题不见.
2023-02-16 09:23:14-B07L61J54V-标题不见.
2023-02-16 09:23:14-B0BFDX81NG-标题不见.
2023-02-16 09:23:14-B08S7L4JFB-标题不见.
2023-02-16 09:23:14-B07L61VK3L-标题不见.
2023-02-16 09:23:14-B085DH2FTV-标题不见.
2023-02-16 09:23:14-B08S7BTJZF-标题不见.
2023-02-16 09:23:14-B0BFDZ58JR-标题不见.
2023-02-16 09:23:14-B07L61MB7Y-标题不见.
2023-02-16 09:23:14-B07T9YRV84-标题不见.
2023-02-16 09:23:14-B08S3DW72X-标题不见.
2023-02-16 09:23:14-B08Z8CYKBX-标题不见.
2023-02-16 09:23:14-B07TH7VR83-标题不见.
2023-02-16 09:23:14-B07QXR2XBK-标题不见.
2023-02-16 09:23:14-B09B8NXC9M-标题不见.
2023-02-16 09:23:14-B07L62YWB7-标题不见.
2023-02-16 09:23:14-B08S3HC5WZ-标题不见.
2023-02-16 09:23:14-B07TMLZ8DF-标题不见.
2023-02-16 09:23:14-B09BDYLMW2-标题不见.
2023-02-16 09:23:14-B0BFDZZL9D-标题不见.
2023-02-16 09:23:14-B09VPCDZ4V-标题不见.
2023-02-16 09:23:14-B0BLN8XS3L-标题不见.
2023-02-16 09:23:14-B08S3FFNLP-标题不见.
2023-02-16 09:23:14-B0BFF1KC9K-标题不见.
2023-02-16 09:23:14-B0B7X23SNX-标题不见.
2023-02-16 09:23:14-B0922WHP3G-标题不见.
2023-02-18 08:21:04-B09Z1SGVP9-标题不见.
2023-02-18 08:21:04-B08S73JNGZ-标题不见.
2023-02-20 08:21:03-B08Z8CYKBX-标题不见.
2023-02-20 08:21:03-B0B2D6HZV1-标题不见.
2023-02-21 08:42:51-B0BFDZBW1S-标题不见.
2023-02-21 08:42:51-B07TPT6J7J-标题不见.
2023-02-21 08:42:51-B085DB5MXR-标题不见.
2023-02-21 08:42:51-B07TBZMRP7-标题不见.
2023-02-21 08:42:51-B09Z1SGVP9-标题不见.
2023-02-21 08:42:51-B08S3HC5WZ-标题不见.
2023-02-21 08:42:51-B07TH8GSGB-标题不见.
2023-02-21 08:42:51-B0B2D87NJJ-标题不见.
2023-02-21 08:42:51-B07T9YNLSV-标题不见.
2023-02-21 08:42:51-B07FQBBT5C-标题不见.
2023-02-21 08:42:51-B07L5SC5VL-标题不见.
2023-02-21 08:42:51-B08ZS319ST-标题不见.
2023-02-21 08:42:51-B09VP7568K-标题不见.
2023-02-21 08:42:51-B09Z1NXKWN-标题不见.
2023-02-21 08:42:51-B09QHZNXMP-标题不见.
2023-02-21 08:42:51-B07TMLZ8DF-标题不见.
2023-02-21 08:42:51-B07X8WYCFF-标题不见.
2023-02-21 08:42:51-B08Y14ZZJT-标题不见.
2023-02-21 08:42:51-B07L5R52XL-标题不见.
2023-02-21 08:42:51-B08XXDZT49-标题不见.
2023-02-21 08:42:51-B09BDXBLC1-标题不见.
2023-02-21 08:42:51-B09Z1YCC24-标题不见.
2023-02-21 08:42:51-B0B2D7P76Q-标题不见.
2023-02-21 08:42:51-B0922TVWJF-标题不见.
2023-02-21 08:42:51-B07TBZPLB6-标题不见.
2023-02-21 08:42:51-B0B7X25GDK-标题不见.
2023-02-21 08:42:51-B08S3DW72X-标题不见.
2023-02-21 08:42:51-B07L61J54V-标题不见.
2023-02-21 08:42:51-B09BDW8LPZ-标题不见.
2023-02-21 08:42:51-B08S7L4JFB-标题不见.
2023-02-21 08:42:51-B07L61VK3L-标题不见.
2023-02-21 08:42:51-B0B3D3SSSJ-标题不见.
2023-02-21 08:42:51-B08S7BTJZF-标题不见.
2023-02-21 08:42:51-B07W8FFCH7-标题不见.
2023-02-21 08:42:51-B07L62XRKP-标题不见.
2023-02-21 08:42:51-B07L633KV8-标题不见.
2023-02-21 08:42:51-B096ZZFVB8-标题不见.
2023-02-21 08:42:51-B09Z21QS2S-标题不见.
2023-02-21 08:42:51-B07L61WSP4-标题不见.
2023-02-21 08:42:51-B09BF18SVV-标题不见.
2023-02-21 08:42:51-B07QWT46HD-标题不见.
2023-02-21 08:42:51-B07TH7VR83-标题不见.
2023-02-21 08:42:51-B0B5YYKB7J-标题不见.
2023-02-21 08:42:51-B07L6395ZF-标题不见.
2023-02-21 08:42:51-B09BDYLMW2-标题不见.
2023-02-21 08:42:51-B07TH8HS4N-标题不见.
2023-02-21 08:42:51-B07TBZKM97-标题不见.
2023-02-21 08:42:51-B08S3FFNLP-标题不见.
2023-02-21 08:42:51-B07Y2Y7X9Q-标题不见.
2023-02-21 08:42:51-B07Q83L196-标题不见.
2023-02-21 08:42:51-B0BFDX81NG-标题不见.
2023-02-21 08:42:51-B07L62YWB7-标题不见.
2023-02-21 08:42:51-B0BJJSBC8G-标题不见.
2023-02-21 08:42:51-B09KTCDYB6-标题不见.
2023-02-21 08:42:51-B09VPCDZ4V-标题不见.
2023-02-21 08:42:51-B0BFF2NQDX-标题不见.
2023-02-21 08:42:51-B07R33LQ4X-标题不见.
2023-02-21 08:42:51-B07T9Z6DP8-标题不见.
2023-02-21 08:42:51-B085DH2FTV-标题不见.
2023-02-21 08:42:51-B085DCYYDT-标题不见.
2023-02-21 08:42:51-B07TG7KQTQ-标题不见.
2023-02-21 08:42:51-B0BFDZ58JR-标题不见.
2023-02-21 08:42:51-B0BFF2NDWP-标题不见.
2023-02-21 08:42:51-B07L62JCLS-标题不见.
2023-02-21 08:42:51-B08S7BCVVD-标题不见.
2023-02-21 08:42:51-B07QWT4CS9-标题不见.
2023-02-21 08:42:51-B0BFDXMW6C-标题不见.
2023-02-21 08:42:51-B0B7X23SNX-标题不见.
2023-02-21 08:42:51-B07L62FCW6-标题不见.
2023-02-21 08:42:51-B07L63CKBJ-标题不见.
2023-02-21 08:42:51-B0BFDWJQKK-标题不见.
2023-02-21 08:42:51-B07L61JTCW-标题不见.
2023-02-21 08:42:51-B085DGXQG4-标题不见.
2023-02-21 08:42:51-B085DQ4D58-标题不见.
2023-02-21 08:42:51-B07L63XFJF-标题不见.
2023-02-21 08:42:51-B0B2D6HZV1-标题不见.
2023-02-21 08:42:51-B07L622D1K-标题不见.
2023-02-21 08:42:51-B0922WHP3G-标题不见.
2023-02-21 08:42:51-B0922WBGXL-标题不见.
2023-02-21 08:42:51-B09VP95Q2K-标题不见.
2023-02-21 08:42:51-B0B2D83977-标题不见.
2023-02-21 08:42:51-B0BFF1T4BQ-标题不见.
2023-02-21 08:42:51-B0BFF1KC9K-标题不见.
2023-02-21 08:42:51-B08Y5KLCW7-标题不见.
2023-02-21 08:42:51-B07T9YRV84-标题不见.
2023-02-21 08:42:51-B07TBYY4RM-标题不见.
2023-02-21 08:42:51-B0B2D8F5GB-标题不见.
2023-02-21 08:42:51-B07T9YHPR3-标题不见.
2023-02-21 08:42:51-B0B3D6B2XR-标题不见.
2023-02-21 08:42:51-B0B2D7S5MK-标题不见.
2023-02-21 08:42:51-B07TJDYFGT-标题不见.
2023-02-21 08:42:51-B07TBYV5NM-标题不见.
2023-02-21 08:42:51-B07XB1B35H-标题不见.
2023-02-21 08:42:51-B085DGTHRT-标题不见.
2023-02-21 08:42:51-B07L61KS1H-标题不见.
2023-02-21 08:42:51-B07DHJQRPN-标题不见.
2023-02-21 08:42:51-B08S73JNGZ-标题不见.
2023-02-21 08:42:51-B07R22ZQV2-标题不见.
2023-02-21 08:42:51-B09BFBSQRD-标题不见.
2023-02-21 08:42:51-B09B8NXC9M-标题不见.
2023-02-21 08:42:51-B07Y2ZGG8M-标题不见.
2023-02-21 08:42:51-B07L61MB7Y-标题不见.
2023-02-21 08:42:51-B08S79LW1Y-标题不见.
2023-02-21 08:42:51-B09BDZTCRG-标题不见.
2023-02-21 08:42:51-B085DRYDN1-标题不见.
2023-02-21 08:42:51-B08S7FTWFB-标题不见.
2023-02-21 08:42:51-B07L637PQY-标题不见.
2023-02-21 08:42:51-B07T9Z2QH6-标题不见.
2023-02-21 08:42:51-B07H5DGZWJ-标题不见.
2023-02-21 08:42:51-B0B2D6BZ9D-标题不见.
2023-02-21 08:42:51-B0BFDYVL94-标题不见.
2023-02-21 08:42:51-B08S7FVHYZ-标题不见.
2023-02-21 08:42:51-B0BFDZZL9D-标题不见.
2023-02-21 08:42:51-B07TF49V3B-标题不见.
2023-02-21 08:42:51-B0BFQBRBBH-标题不见.
2023-02-21 08:42:51-B07QXQ7JLM-标题不见.
2023-02-21 08:42:51-B07T9YR7CL-标题不见.
2023-02-21 08:42:51-B08S6K7FL9-标题不见.
2023-02-21 08:42:51-B07QXR2XBK-标题不见.
2023-02-21 08:42:51-B0BFDZNDRS-标题不见.
2023-02-21 08:42:51-B07L62Q6PF-标题不见.
2023-02-21 08:42:51-B0BFDX5799-标题不见.
2023-02-21 08:42:51-B085D8BL9P-标题不见.
2023-02-21 08:42:51-B08S35TFGP-标题不见.
2023-02-21 08:42:51-B0BFF1B8R1-标题不见.
2023-02-21 08:42:51-B06XQXNB5R-标题不见.
2023-02-21 08:42:51-B0BLN8XS3L-标题不见.
2023-02-21 08:42:51-B07QWSBDH6-标题不见.
2023-02-21 08:42:51-B09WKDX7G6-标题不见.
2023-02-21 08:42:51-B07QYSXM2Y-标题不见.
2023-02-21 08:42:51-B07TBXWLXW-标题不见.
2023-02-21 08:42:51-B07QXQL3PS-标题不见.
2023-02-21 08:42:51-B08Z8CYKBX-标题不见.
2023-02-21 08:42:51-B07T9Z26FQ-标题不见.
2023-02-21 08:42:51-B07XD34GXT-标题不见.
2023-02-21 08:42:51-B09BDX2G2D-标题不见.
2023-02-21 08:42:51-B07TBZ9SMP-标题不见.
2023-02-21 08:42:51-B085DNV97W-标题不见.
2023-02-22 08:43:55-B0B3D6B2XR-标题不见.
2023-02-22 08:43:55-B085DB5MXR-标题不见.
2023-02-22 08:43:55-B08S3DW72X-标题不见.
2023-02-22 08:43:55-B09B8NXC9M-标题不见.
2023-02-22 08:43:55-B07TBZMRP7-标题不见.
2023-02-22 08:43:55-B07L62FCW6-标题不见.
2023-02-22 08:43:55-B07DHJQRPN-标题不见.
2023-02-22 08:43:55-B07TBXWLXW-标题不见.
2023-02-22 08:43:55-B08S79LW1Y-标题不见.
2023-02-22 08:43:55-B07Q83L196-标题不见.
2023-02-22 08:43:55-B08S7FVHYZ-标题不见.
2023-02-22 08:43:55-B07L637PQY-标题不见.
2023-02-22 08:43:55-B07T9YNLSV-标题不见.
2023-02-22 08:43:55-B09Z1SGVP9-标题不见.
2023-02-22 08:43:55-B0BFDX81NG-标题不见.
2023-02-22 08:43:55-B0BLN8XS3L-标题不见.
2023-02-22 08:43:55-B0BFDXMW6C-标题不见.
2023-02-22 08:43:55-B07TH7VR83-标题不见.
2023-02-22 08:43:55-B08S7BCVVD-标题不见.
2023-02-22 08:43:55-B07T9YRV84-标题不见.
2023-02-22 08:43:55-B08S7L4JFB-标题不见.
2023-02-22 08:43:55-B07L62XRKP-标题不见.
2023-02-22 08:43:55-B08Z8CYKBX-标题不见.
2023-02-22 08:43:55-B09VP95Q2K-标题不见.
2023-02-22 08:43:55-B07XD34GXT-标题不见.
2023-02-22 08:43:55-B07TBYY4RM-标题不见.
2023-02-22 08:43:55-B085DRYDN1-标题不见.
2023-02-22 08:43:55-B07T9Z6DP8-标题不见.
2023-02-22 08:43:55-B07TBYV5NM-标题不见.
2023-02-22 08:43:55-B0B2D87NJJ-标题不见.
2023-02-22 08:43:55-B07X8WYCFF-标题不见.
2023-02-22 08:43:55-B07W8FFCH7-标题不见.
2023-02-22 08:43:55-B08S3FFNLP-标题不见.
2023-02-22 08:43:55-B07T9YHPR3-标题不见.
2023-02-22 08:43:55-B07Y2Y7X9Q-标题不见.
2023-02-22 08:43:55-B08S35TFGP-标题不见.
2023-02-22 08:43:55-B07TH8HS4N-标题不见.
2023-02-22 08:43:55-B085DQ4D58-标题不见.
2023-02-22 08:43:55-B07L62Q6PF-标题不见.
2023-02-22 08:43:55-B07L62JCLS-标题不见.
2023-02-22 08:43:55-B09BDX2G2D-标题不见.
2023-02-22 08:43:55-B07QWT46HD-标题不见.
2023-02-22 08:43:55-B07TBZPLB6-标题不见.
2023-02-22 08:43:55-B09Z1YCC24-标题不见.
2023-02-22 08:43:55-B09BDXBLC1-标题不见.
2023-02-22 08:43:55-B0BFDX5799-标题不见.
2023-02-22 08:43:55-B096ZZFVB8-标题不见.
2023-02-22 08:43:55-B0B2D7P76Q-标题不见.
2023-02-22 08:43:55-B07Y2ZGG8M-标题不见.
2023-02-22 08:43:55-B07T9Z26FQ-标题不见.
2023-02-22 08:43:55-B0BFF2NQDX-标题不见.
2023-02-22 08:43:55-B07QXQ7JLM-标题不见.
2023-02-22 08:43:55-B0B5YYKB7J-标题不见.
2023-02-22 08:43:55-B0BFDWJQKK-标题不见.
2023-02-22 08:43:55-B0BFDZZL9D-标题不见.
2023-02-22 08:43:55-B08XXDZT49-标题不见.
2023-02-22 08:43:55-B07TG7KQTQ-标题不见.
2023-02-22 08:43:55-B09VPCDZ4V-标题不见.
2023-02-22 08:43:55-B09KTCDYB6-标题不见.
2023-02-22 08:43:55-B07H5DGZWJ-标题不见.
2023-02-22 08:43:55-B0B7X23SNX-标题不见.
2023-02-22 08:43:55-B09BDYLMW2-标题不见.
2023-02-22 08:43:55-B0BFF1T4BQ-标题不见.
2023-02-22 08:43:55-B07L61MB7Y-标题不见.
2023-02-22 08:43:55-B07TH8GSGB-标题不见.
2023-02-22 08:43:55-B07TBZKM97-标题不见.
2023-02-22 08:43:55-B09BDW8LPZ-标题不见.
2023-02-22 08:43:55-B07R22ZQV2-标题不见.
2023-02-22 08:43:55-B0B2D6BZ9D-标题不见.
2023-02-22 08:43:55-B085D8BL9P-标题不见.
2023-02-22 08:43:55-B0B2D83977-标题不见.
2023-02-22 08:43:55-B08S6K7FL9-标题不见.
2023-02-22 08:43:55-B0BFDZ58JR-标题不见.
2023-02-22 08:43:55-B0BFDZBW1S-标题不见.
2023-02-22 08:43:55-B07QYSXM2Y-标题不见.
2023-02-22 08:43:55-B0B2D8F5GB-标题不见.
2023-02-22 08:43:55-B08ZS319ST-标题不见.
2023-02-22 08:43:55-B07QWSBDH6-标题不见.
2023-02-22 08:43:55-B09BF18SVV-标题不见.
2023-02-22 08:43:55-B07T9YR7CL-标题不见.
2023-02-22 08:43:55-B07L61WSP4-标题不见.
2023-02-22 08:43:55-B0BFQBRBBH-标题不见.
2023-02-22 08:43:55-B07QWT4CS9-标题不见.
2023-02-22 08:43:55-B07QXQL3PS-标题不见.
2023-02-22 08:43:55-B06XQXNB5R-标题不见.
2023-02-22 08:43:55-B0B2D6HZV1-标题不见.
2023-02-22 08:43:55-B0BFF1KC9K-标题不见.
2023-02-23 08:43:40-B07FQBBT5C-标题不见.
2023-02-23 08:43:40-B0BFDZBW1S-标题不见.
2023-02-23 08:43:40-B07XB1B35H-标题不见.
2023-02-23 08:43:40-B0B2D87NJJ-标题不见.
2023-02-23 08:43:40-B09Z21QS2S-标题不见.
2023-02-23 08:43:40-B0BFDYVL94-标题不见.
2023-02-23 08:43:40-B08S7L4JFB-标题不见.
2023-02-23 08:43:40-B085DGXQG4-标题不见.
2023-02-23 08:43:40-B085DH2FTV-标题不见.
2023-02-23 08:43:40-B07H5DGZWJ-标题不见.
2023-02-23 08:43:40-B0BFDX5799-标题不见.
2023-02-23 08:43:40-B09BFBSQRD-标题不见.
2023-02-23 08:43:40-B07R22ZQV2-标题不见.
2023-02-23 08:43:40-B07QXQ7JLM-标题不见.
2023-02-23 08:43:40-B09BDZTCRG-标题不见.
2023-02-23 08:43:40-B08S3HC5WZ-标题不见.
2023-02-23 08:43:40-B07QWT46HD-标题不见.
2023-02-23 08:43:40-B09BF18SVV-标题不见.
2023-02-23 08:43:40-B07L61JTCW-标题不见.
2023-02-23 08:43:40-B07X8WYCFF-标题不见.
2023-02-23 08:43:40-B07R33LQ4X-标题不见.
2023-02-23 08:43:40-B07TF49V3B-标题不见.
2023-02-23 08:43:40-B07Y2Y7X9Q-标题不见.
2023-02-24 08:43:43-B07L63CKBJ-标题不见.
2023-02-24 08:43:43-B07L622D1K-标题不见.
2023-02-24 08:43:43-B08S3DW72X-标题不见.
2023-02-24 08:43:43-B08S35TFGP-标题不见.
2023-02-24 08:43:43-B09Z21QS2S-标题不见.
2023-02-24 08:43:43-B08S3HC5WZ-标题不见.
2023-02-24 08:43:43-B0BFQBRBBH-标题不见.
2023-02-24 08:43:43-B09Z1SGVP9-标题不见.
2023-02-24 08:43:43-B0BFDX5799-标题不见.
2023-02-24 08:43:43-B0BLN8XS3L-标题不见.
2023-02-24 08:43:43-B07L5R52XL-标题不见.
2023-02-24 08:43:43-B08S73JNGZ-标题不见.
2023-02-24 08:43:43-B07QWT46HD-标题不见.
2023-02-24 08:43:43-B07L62JCLS-标题不见.
2023-02-24 08:43:43-B09BDW8LPZ-标题不见.
2023-02-24 08:43:43-B07T9Z6DP8-标题不见.
2023-02-24 08:43:43-B096ZZFVB8-标题不见.
2023-02-24 08:43:43-B07T9YNLSV-标题不见.
2023-02-24 08:43:43-B09BDX2G2D-标题不见.
2023-02-24 08:43:43-B0922TVWJF-标题不见.
2023-02-24 08:43:43-B0922WBGXL-标题不见.
2023-02-24 08:43:43-B08S7BTJZF-标题不见.
2023-02-24 08:43:43-B085DH2FTV-标题不见.
2023-02-24 08:43:43-B085DQ4D58-标题不见.
2023-02-24 08:43:43-B07L633KV8-标题不见.
2023-02-24 08:43:43-B09BF18SVV-标题不见.
2023-02-24 08:43:43-B07TBXWLXW-标题不见.
2023-02-24 08:43:43-B0BFDWJQKK-标题不见.
2023-02-24 08:43:43-B09WKDX7G6-标题不见.
2023-02-24 08:43:43-B0B2D8F5GB-标题不见.
2023-02-24 08:43:43-B08S3FFNLP-标题不见.
2023-02-24 08:43:43-B09VP95Q2K-标题不见.
2023-02-24 08:43:43-B07TMLZ8DF-标题不见.
2023-02-24 08:43:43-B09Z1YCC24-标题不见.
2023-02-24 08:43:43-B07T9YRV84-标题不见.
2023-02-24 08:43:43-B08ZS319ST-标题不见.
2023-02-24 08:43:43-B07L5SC5VL-标题不见.
2023-02-24 08:43:43-B07L61VK3L-标题不见.
2023-02-24 08:43:43-B07L637PQY-标题不见.
2023-02-24 08:43:43-B07L61KS1H-标题不见.
2023-02-24 08:43:43-B0B2D7S5MK-标题不见.
2023-02-24 08:43:43-B0BFDZZL9D-标题不见.
2023-02-24 08:43:43-B09BFBSQRD-标题不见.
2023-02-24 08:43:43-B07L61WSP4-标题不见.
2023-02-24 08:43:43-B07TH7VR83-标题不见.
2023-02-24 08:43:43-B07TF49V3B-标题不见.
2023-02-24 08:43:43-B08Y5KLCW7-标题不见.
2023-02-24 08:43:43-B0BFDXMW6C-标题不见.
2023-02-24 08:43:43-B0B2D7P76Q-标题不见.
2023-02-24 08:43:43-B07H5DGZWJ-标题不见.
2023-02-24 08:43:43-B07QXQL3PS-标题不见.
2023-02-24 08:43:43-B09KTCDYB6-标题不见.
2023-02-24 08:43:43-B08XXDZT49-标题不见.
2023-02-24 08:43:43-B07TBZMRP7-标题不见.
2023-02-24 08:43:43-B07QYSXM2Y-标题不见.
2023-02-24 08:43:43-B085DGTHRT-标题不见.
2023-02-24 08:43:43-B07L62XRKP-标题不见.
2023-02-24 08:43:43-B07R22ZQV2-标题不见.
2023-02-24 08:43:43-B0B2D6BZ9D-标题不见.
2023-02-24 08:43:43-B07TBZPLB6-标题不见.
2023-02-24 08:43:43-B0BFDYVL94-标题不见.
2023-02-24 08:43:43-B0BFF1B8R1-标题不见.
2023-02-24 08:43:43-B07TBYY4RM-标题不见.
2023-02-24 08:43:43-B09BDZTCRG-标题不见.
2023-02-24 08:43:43-B09VP7568K-标题不见.
2023-02-24 08:43:43-B07L63XFJF-标题不见.
2023-02-24 08:43:43-B08Z8CYKBX-标题不见.
2023-02-24 08:43:43-B085DB5MXR-标题不见.
2023-02-24 08:43:43-B08S79LW1Y-标题不见.
2023-02-24 08:43:43-B085DCYYDT-标题不见.
2023-02-24 08:43:43-B07T9YR7CL-标题不见.
2023-02-24 08:43:43-B07Y2ZGG8M-标题不见.
2023-02-25 08:44:06-B07TF49V3B-标题不见.
2023-02-25 08:44:06-B07L62XRKP-标题不见.
2023-02-25 08:44:06-B09B8NXC9M-标题不见.
2023-02-25 08:44:06-B07L62JCLS-标题不见.
2023-02-25 08:44:06-B07Q83L196-标题不见.
2023-02-25 08:44:06-B07X8WYCFF-标题不见.
2023-02-25 08:44:06-B09BDYLMW2-标题不见.
2023-02-25 08:44:06-B09Z1SGVP9-标题不见.
2023-02-25 08:44:06-B0B2D83977-标题不见.
2023-02-25 08:44:06-B0BFDYVL94-标题不见.
2023-02-25 08:44:06-B07L61WSP4-标题不见.
2023-02-25 08:44:06-B085DGTHRT-标题不见.
2023-02-25 08:44:06-B0922TVWJF-标题不见.
2023-02-25 08:44:06-B09VPCDZ4V-标题不见.
2023-02-25 08:44:06-B08S7FTWFB-标题不见.
2023-03-03 08:21:09-B07TH8HS4N-标题不见.
2023-03-03 08:21:09-B0B2D87NJJ-标题不见.
2023-03-03 08:21:09-B07TJDYFGT-标题不见.
2023-03-03 08:21:09-B07L61KS1H-标题不见.
2023-03-03 08:21:09-B07L63XFJF-标题不见.
2023-03-03 08:21:09-B09G2DY8DY-标题不见.
2023-03-03 08:21:09-B0BFH9P7J6-标题不见.
2023-03-03 08:21:09-B0B2D8F5GB-标题不见.
2023-03-03 08:21:09-B07T9YR7CL-标题不见.
2023-03-03 08:21:09-B0BMLBPTSM-标题不见.
2023-03-03 08:21:09-B0BBMBZMKK-标题不见.
2023-03-03 08:21:09-B07T9Z2QH6-标题不见.
2023-03-03 08:21:09-B08Z8CYKBX-标题不见.
2023-03-03 08:21:09-B08S7FTWFB-标题不见.
2023-03-03 08:21:09-B08S3FFNLP-标题不见.
2023-03-03 08:21:09-B09BDW8LPZ-标题不见.
2023-03-03 08:21:09-B09VP95Q2K-标题不见.
2023-03-03 08:21:09-B08S6K7FL9-标题不见.
2023-03-03 08:21:09-B08S7FVHYZ-标题不见.
2023-03-03 08:21:09-B08S7L4JFB-标题不见.
2023-03-03 08:21:09-B07L62FCW6-标题不见.
2023-03-03 08:21:09-B0B2D6BZ9D-标题不见.
2023-03-03 08:21:09-B07L61JTCW-标题不见.
2023-03-03 08:21:09-B07TBZ9SMP-标题不见.
2023-03-03 08:21:09-B085DNV97W-标题不见.
2023-03-03 08:21:09-B08XXDZT49-标题不见.
2023-03-03 08:21:09-B09QHZNXMP-标题不见.
2023-03-03 08:21:09-B08S3HC5WZ-标题不见.
2023-03-03 08:21:09-B09BDXBLC1-标题不见.
2023-03-03 08:21:09-B07TBZMRP7-标题不见.
2023-03-03 08:21:09-B0BFDZZL9D-标题不见.
2023-03-03 08:21:09-B0BFDX81NG-标题不见.
2023-03-03 08:21:09-B07L62XRKP-标题不见.
2023-03-03 08:21:09-B07QXQL3PS-标题不见.
2023-03-03 08:21:09-B08Y14ZZJT-标题不见.
2023-03-03 08:21:09-B07L62JCLS-标题不见.
2023-03-03 08:21:09-B08S79LW1Y-标题不见.
2023-03-03 08:21:09-B09WKDX7G6-标题不见.
2023-03-03 08:21:09-B08S35TFGP-标题不见.
2023-03-03 08:21:09-B0922TVWJF-标题不见.
2023-03-03 08:21:09-B07L5SC5VL-标题不见.
2023-03-03 08:21:09-B08S3DW72X-标题不见.
2023-03-03 08:21:09-B07QXR2XBK-标题不见.
2023-03-03 08:21:09-B07QWT46HD-标题不见.
2023-03-03 08:21:09-B07TBYY4RM-标题不见.
2023-03-03 08:21:09-B085DGTHRT-标题不见.
2023-03-03 08:21:09-B07X8WYCFF-标题不见.
2023-03-03 08:21:09-B07FQBBT5C-标题不见.
2023-03-03 08:21:09-B08S7BCVVD-标题不见.
2023-03-03 08:21:09-B09VPCDZ4V-标题不见.
2023-03-03 08:21:09-B09VP7568K-标题不见.
2023-03-03 08:21:09-B07QWT4CS9-标题不见.
2023-03-03 08:21:09-B07TH8GSGB-标题不见.
2023-03-03 08:21:09-B096ZZFVB8-标题不见.
2023-03-03 08:21:09-B09Z1SGVP9-标题不见.
2023-03-03 08:21:09-B06XQXNB5R-标题不见.
2023-03-03 08:21:09-B09Z21QS2S-标题不见.
2023-03-03 08:21:09-B07TF49V3B-标题不见.
2023-03-03 08:21:09-B0BFF2NDWP-标题不见.
2023-03-03 08:21:09-B07T9YNLSV-标题不见.
2023-03-03 08:21:09-B07TBYV5NM-标题不见.
2023-03-03 08:21:09-B07W8FFCH7-标题不见.
2023-03-03 08:21:09-B07L62YWB7-标题不见.
2023-03-03 08:21:09-B07QXQ7JLM-标题不见.
2023-03-03 08:21:09-B07QYSXM2Y-标题不见.
2023-03-03 08:21:09-B07TBXWLXW-标题不见.
2023-03-03 08:21:09-B0B7X23SNX-标题不见.
2023-03-03 08:21:09-B07T9YHPR3-标题不见.
2023-03-03 08:21:09-B085DRYDN1-标题不见.
2023-03-03 08:21:09-B07L61WSP4-标题不见.
2023-03-03 08:21:09-B09Z1YCC24-标题不见.
2023-03-03 08:21:09-B08S73JNGZ-标题不见.
2023-03-03 08:21:09-B07L5R52XL-标题不见.
2023-03-03 08:21:09-B08ZS319ST-标题不见.
2023-03-03 08:21:09-B08Y5KLCW7-标题不见.
2023-03-03 08:21:09-B0BLN8XS3L-标题不见.
2023-03-03 08:21:09-B07Y2ZGG8M-标题不见.
2023-03-03 08:21:09-B0BFF1KC9K-标题不见.
2023-03-03 08:21:09-B07R33LQ4X-标题不见.
2023-03-03 08:21:09-B07R22ZQV2-标题不见.
2023-03-03 08:21:09-B07L62Q6PF-标题不见.
2023-03-03 08:21:09-B085D8BL9P-标题不见.
2023-03-03 08:21:09-B0B2D7S5MK-标题不见.
2023-03-03 08:21:09-B07H5DGZWJ-标题不见.
2023-03-03 08:21:09-B07L61VK3L-标题不见.
2023-03-03 08:21:09-B0BFDWJQKK-标题不见.
2023-03-03 08:21:09-B0922WBGXL-标题不见.
2023-03-03 08:21:09-B085DCYYDT-标题不见.
2023-03-03 08:21:09-B0B2D7P76Q-标题不见.
2023-03-03 08:21:09-B0B2D83977-标题不见.
2023-03-03 08:21:09-B07T9YRV84-标题不见.
2023-03-03 08:21:09-B0B5YYKB7J-标题不见.
2023-03-03 08:21:09-B07T9Z26FQ-标题不见.
2023-03-03 08:21:09-B07L637PQY-标题不见.
2023-03-03 08:21:09-B0B3D3SSSJ-标题不见.
2023-03-03 08:21:09-B07T9Z6DP8-标题不见.
2023-03-03 08:21:09-B07L633KV8-标题不见.
2023-03-03 08:21:09-B0BFDZNDRS-标题不见.
2023-03-03 08:21:09-B09BDYLMW2-标题不见.
2023-03-03 08:21:09-B07Y2Y7X9Q-标题不见.
2023-03-03 08:21:09-B0BFDZ58JR-标题不见.
2023-03-03 08:21:09-B0BJJSBC8G-标题不见.
2023-03-03 08:21:09-B09Z1NXKWN-标题不见.
2023-03-03 08:21:09-B07XD34GXT-标题不见.
2023-03-03 08:21:09-B0BFF1B8R1-标题不见.
2023-03-03 08:21:09-B08S7BTJZF-标题不见.
2023-03-03 08:21:09-B07L61J54V-标题不见.
2023-03-03 08:21:09-B0B3D6B2XR-标题不见.
2023-03-03 08:21:09-B0BFDZBW1S-标题不见.
2023-03-03 08:21:09-B07L63CKBJ-标题不见.
2023-03-03 08:21:09-B0BFF2NQDX-标题不见.
2023-03-03 08:21:09-B09BDZTCRG-标题不见.
2023-03-03 08:21:09-B085DH2FTV-标题不见.
2023-03-03 08:21:09-B0BFDXMW6C-标题不见.
2023-03-03 08:21:09-B09BF18SVV-标题不见.
2023-03-03 08:21:09-B0BFF1T4BQ-标题不见.
2023-03-03 08:21:09-B07DHJQRPN-标题不见.
2023-03-03 08:21:09-B07L6395ZF-标题不见.
2023-03-03 08:21:09-B07Q83L196-标题不见.
2023-03-03 08:21:09-B09KTCDYB6-标题不见.
2023-03-03 08:21:09-B07TBZKM97-标题不见.
2023-03-03 08:21:09-B07TBZPLB6-标题不见.
2023-03-03 08:21:09-B09B8NXC9M-标题不见.
2023-03-03 08:21:09-B09BFBSQRD-标题不见.
2023-03-03 08:21:09-B07TH7VR83-标题不见.
2023-03-03 08:21:09-B0B7X25GDK-标题不见.
2023-03-03 08:21:09-B07L61MB7Y-标题不见.
2023-03-03 08:21:09-B07XB1B35H-标题不见.
2023-03-03 08:21:09-B0BFDX5799-标题不见.
2023-03-03 08:21:09-B09BDX2G2D-标题不见.
2023-03-03 08:21:09-B07TG7KQTQ-标题不见.
2023-03-03 08:21:09-B085DB5MXR-标题不见.
2023-03-03 08:21:09-B07TMLZ8DF-标题不见.
2023-03-03 08:21:09-B0BFQBRBBH-标题不见.
2023-03-03 08:21:09-B0B2D6HZV1-标题不见.
2023-03-03 08:21:09-B07TPT6J7J-标题不见.
2023-03-03 08:21:09-B085DGXQG4-标题不见.
2023-03-03 08:21:09-B085DQ4D58-标题不见.
2023-03-03 08:21:09-B0BFDYVL94-标题不见.
2023-03-03 08:21:09-B07L622D1K-标题不见.
2023-03-03 08:21:09-B07QWSBDH6-标题不见.
2023-03-03 08:21:09-B0922WHP3G-标题不见.
2023-03-04 08:44:38-B0BFDYVL94-标题不见.
2023-03-04 08:44:38-B08S3HC5WZ-标题不见.
2023-03-04 08:44:38-B09VP7568K-标题不见.
2023-03-04 08:44:38-B085DGXQG4-标题不见.
2023-03-04 08:44:38-B08S7BCVVD-标题不见.
2023-03-04 08:44:38-B08Y14ZZJT-标题不见.
2023-03-04 08:44:38-B08ZS319ST-标题不见.
2023-03-04 08:44:38-B07Y2Y7X9Q-标题不见.
2023-03-04 08:44:38-B08S3FFNLP-标题不见.
2023-03-04 08:44:38-B0BFF1T4BQ-标题不见.
2023-03-04 08:44:38-B07T9YNLSV-标题不见.
2023-03-04 08:44:38-B08S7FVHYZ-标题不见.
2023-03-04 08:44:38-B0BFDWJQKK-标题不见.
2023-03-04 08:44:38-B07QWT46HD-标题不见.
2023-03-04 08:44:38-B0B2D7P76Q-标题不见.
2023-03-04 08:44:38-B08Y5KLCW7-标题不见.
2023-03-04 08:44:38-B0922WHP3G-标题不见.
2023-03-04 08:44:38-B07TF49V3B-标题不见.
2023-03-04 08:44:38-B07L6395ZF-标题不见.
2023-03-04 08:44:38-B07T9Z6DP8-标题不见.
2023-03-04 08:44:38-B0922TVWJF-标题不见.
2023-03-04 08:44:38-B08S79LW1Y-标题不见.
2023-03-04 08:44:38-B07TH8HS4N-标题不见.
2023-03-04 08:44:38-B07L63CKBJ-标题不见.
2023-03-04 08:44:38-B07TG7KQTQ-标题不见.
2023-03-04 08:44:38-B0BFQBRBBH-标题不见.
2023-03-04 08:44:38-B07L62FCW6-标题不见.
2023-03-04 08:44:38-B09B8NXC9M-标题不见.
2023-03-04 08:44:38-B085DQ4D58-标题不见.
2023-03-04 08:44:38-B07TBXWLXW-标题不见.
2023-03-04 08:44:38-B07L62JCLS-标题不见.
2023-03-04 08:44:38-B07QXR2XBK-标题不见.
2023-03-04 08:44:38-B09QHZNXMP-标题不见.
2023-03-04 08:44:38-B0BFF2NQDX-标题不见.
2023-03-04 08:44:38-B0B3D3SSSJ-标题不见.
2023-03-04 08:44:38-B07TBZPLB6-标题不见.
2023-03-04 08:44:38-B0BFDXMW6C-标题不见.
2023-03-04 08:44:38-B09Z1SGVP9-标题不见.
2023-03-04 08:44:38-B08S35TFGP-标题不见.
2023-03-04 08:44:38-B085D8BL9P-标题不见.
2023-03-04 08:44:38-B08S73JNGZ-标题不见.
2023-03-04 08:44:38-B08Z8CYKBX-标题不见.
2023-03-04 08:44:38-B0BFDX81NG-标题不见.
2023-03-04 08:44:38-B09KTCDYB6-标题不见.
2023-03-04 08:44:38-B07L63XFJF-标题不见.
2023-03-04 08:44:38-B07L62Q6PF-标题不见.
2023-03-04 08:44:38-B085DH2FTV-标题不见.
2023-03-04 08:44:38-B085DB5MXR-标题不见.
2023-03-04 08:44:38-B07T9YHPR3-标题不见.
2023-03-04 08:44:38-B07QWSBDH6-标题不见.
2023-03-04 08:44:38-B07DHJQRPN-标题不见.
2023-03-04 08:44:38-B07TBZMRP7-标题不见.
2023-03-04 08:44:38-B07TBZ9SMP-标题不见.
2023-03-04 08:44:38-B09BDX2G2D-标题不见.
2023-03-04 08:44:38-B07W8FFCH7-标题不见.
2023-03-04 08:44:38-B0B2D83977-标题不见.
2023-03-04 08:44:38-B07R33LQ4X-标题不见.
2023-03-04 08:44:38-B0BFF1KC9K-标题不见.
2023-03-04 08:44:38-B07R22ZQV2-标题不见.
2023-03-04 08:44:38-B0BFF1B8R1-标题不见.
2023-03-04 08:44:38-B07XD34GXT-标题不见.
2023-03-04 08:44:38-B07L61J54V-标题不见.
2023-03-04 08:44:38-B07TJDYFGT-标题不见.
2023-03-04 08:44:38-B096ZZFVB8-标题不见.
2023-03-04 08:44:38-B09BFBSQRD-标题不见.
2023-03-04 08:44:38-B0BFDZZL9D-标题不见.
2023-03-04 08:44:38-B08S7FTWFB-标题不见.
2023-03-04 08:44:38-B07T9Z2QH6-标题不见.
2023-03-04 08:44:38-B07L62XRKP-标题不见.
2023-03-04 08:44:38-B07T9YRV84-标题不见.
2023-03-04 08:44:38-B07Q83L196-标题不见.
2023-03-04 08:44:38-B07L61VK3L-标题不见.
2023-03-04 08:44:38-B09BDW8LPZ-标题不见.
2023-03-04 08:44:38-B07TMLZ8DF-标题不见.
2023-03-04 08:44:38-B07TBYV5NM-标题不见.
2023-03-04 08:44:38-B07QXQ7JLM-标题不见.
2023-03-04 08:44:38-B085DNV97W-标题不见.
2023-03-04 08:44:38-B07L622D1K-标题不见.
2023-03-04 08:44:38-B07QXQL3PS-标题不见.
2023-03-04 08:44:38-B09WKDX7G6-标题不见.
2023-03-04 08:44:38-B09VP95Q2K-标题不见.
2023-03-04 08:44:38-B0BFF2NDWP-标题不见.
2023-03-04 08:44:38-B07T9Z26FQ-标题不见.
2023-03-04 08:44:38-B09Z1NXKWN-标题不见.
2023-03-04 08:44:38-B07TPT6J7J-标题不见.
2023-03-04 08:44:38-B08S7L4JFB-标题不见.
2023-03-04 08:44:38-B09Z21QS2S-标题不见.
2023-03-04 08:44:38-B09BDZTCRG-标题不见.
2023-03-04 08:44:38-B07L633KV8-标题不见.
2023-03-04 08:44:38-B07T9YR7CL-标题不见.
2023-03-04 08:44:38-B0BFDZNDRS-标题不见.
2023-03-04 08:44:38-B06XQXNB5R-标题不见.
2023-03-04 08:44:38-B0BLN8XS3L-标题不见.
2023-03-04 08:44:38-B07TH8GSGB-标题不见.
2023-03-04 08:44:38-B09BDXBLC1-标题不见.
2023-03-04 08:44:38-B07XB1B35H-标题不见.
2023-03-04 08:44:38-B085DRYDN1-标题不见.
2023-03-04 08:44:38-B0922WBGXL-标题不见.
2023-03-04 08:44:38-B0B2D87NJJ-标题不见.
2023-03-04 08:44:38-B08S3DW72X-标题不见.
2023-03-04 08:44:38-B07TH7VR83-标题不见.
2023-03-04 08:44:38-B07H5DGZWJ-标题不见.
2023-03-04 08:44:38-B07L637PQY-标题不见.
2023-03-04 08:44:38-B09BF18SVV-标题不见.
2023-03-04 08:44:38-B07X8WYCFF-标题不见.
2023-03-04 08:44:38-B07L61KS1H-标题不见.
2023-03-04 08:44:38-B07L5R52XL-标题不见.
2023-03-04 08:44:38-B0B2D8F5GB-标题不见.
2023-03-04 08:44:38-B0B5YYKB7J-标题不见.
2023-03-04 08:44:38-B08S6K7FL9-标题不见.
2023-03-04 08:44:38-B07L62YWB7-标题不见.
2023-03-04 08:44:38-B07TBZKM97-标题不见.
2023-03-04 08:44:38-B0B3D6B2XR-标题不见.
2023-03-04 08:44:38-B0BJJSBC8G-标题不见.
2023-03-04 08:44:38-B07TBYY4RM-标题不见.
2023-03-04 08:44:38-B07QWT4CS9-标题不见.
2023-03-04 08:44:38-B07QYSXM2Y-标题不见.
2023-03-04 08:44:38-B09VPCDZ4V-标题不见.
2023-03-04 08:44:38-B0B2D6HZV1-标题不见.
2023-03-04 08:44:38-B08XXDZT49-标题不见.
2023-03-04 08:44:38-B0B2D7S5MK-标题不见.
2023-03-04 08:44:38-B08S7BTJZF-标题不见.
2023-03-04 08:44:38-B0B2D6BZ9D-标题不见.
2023-03-04 08:44:38-B07FQBBT5C-标题不见.
2023-03-04 08:44:38-B07L5SC5VL-标题不见.
2023-03-04 08:44:38-B0BFDZBW1S-标题不见.
2023-03-04 08:44:38-B0B7X25GDK-标题不见.
2023-03-04 08:44:38-B085DGTHRT-标题不见.
2023-03-04 08:44:38-B09Z1YCC24-标题不见.
2023-03-04 08:44:38-B0B7X23SNX-标题不见.
2023-03-04 08:44:38-B07L61MB7Y-标题不见.
2023-03-04 08:44:38-B085DCYYDT-标题不见.
2023-03-04 08:44:38-B0BFDZ58JR-标题不见.
2023-03-04 08:44:38-B0BFDX5799-标题不见.
2023-03-04 08:44:38-B07L61WSP4-标题不见.
2023-03-04 08:44:38-B09BDYLMW2-标题不见.
2023-03-04 08:44:38-B07L61JTCW-标题不见.
2023-03-04 08:44:38-B07Y2ZGG8M-标题不见.
2023-03-05 08:21:03-B09BDZTCRG-标题不见.
2023-03-05 08:21:03-B085DCYYDT-标题不见.
2023-03-05 08:21:03-B07QXQL3PS-标题不见.
2023-03-05 08:21:03-B07QXQ7JLM-标题不见.
2023-03-05 08:21:03-B08S7BTJZF-标题不见.
2023-03-05 08:21:03-B096ZZFVB8-标题不见.
2023-03-05 08:21:03-B09VPCDZ4V-标题不见.
2023-03-05 08:21:03-B0BFDXMW6C-标题不见.
2023-03-05 08:21:03-B0B3D6B2XR-标题不见.
2023-03-05 08:21:03-B0B2D8F5GB-标题不见.
2023-03-05 08:21:03-B085DB5MXR-标题不见.
2023-03-05 08:21:03-B07W8FFCH7-标题不见.
2023-03-05 08:21:03-B09Z1YCC24-标题不见.
2023-03-05 08:21:03-B08S3DW72X-标题不见.
2023-03-05 08:21:03-B07FQBBT5C-标题不见.
2023-03-05 08:21:03-B07L61WSP4-标题不见.
2023-03-05 08:21:03-B07TBYV5NM-标题不见.
2023-03-05 08:21:03-B07L622D1K-标题不见.
2023-03-05 08:21:03-B07L5R52XL-标题不见.
2023-03-05 08:21:03-B0B2D83977-标题不见.
2023-03-05 08:21:03-B07T9YHPR3-标题不见.
2023-03-05 08:21:03-B06XQXNB5R-标题不见.
2023-03-05 08:21:03-B09QHZNXMP-标题不见.
2023-03-05 08:21:03-B08S3FFNLP-标题不见.
2023-03-05 08:21:03-B07T9Z26FQ-标题不见.
2023-03-05 08:21:03-B08S3HC5WZ-标题不见.
2023-03-05 08:21:03-B0BFDZBW1S-标题不见.
2023-03-05 08:21:03-B07T9Z2QH6-标题不见.
2023-03-05 08:21:03-B07TJDYFGT-标题不见.
2023-03-05 08:21:03-B07TMLZ8DF-标题不见.
2023-03-05 08:21:03-B07L637PQY-标题不见.
2023-03-05 08:21:03-B07TBZMRP7-标题不见.
2023-03-05 08:21:03-B0BFDZ58JR-标题不见.
2023-03-05 08:21:03-B08S35TFGP-标题不见.
2023-03-05 08:21:03-B085DGTHRT-标题不见.
2023-03-05 08:21:03-B07L62YWB7-标题不见.
2023-03-05 08:21:03-B07XB1B35H-标题不见.
2023-03-05 08:21:03-B0922WBGXL-标题不见.
2023-03-05 08:21:03-B07TBYY4RM-标题不见.
2023-03-05 08:21:03-B0BJJSBC8G-标题不见.
2023-03-05 08:21:03-B08S79LW1Y-标题不见.
2023-03-05 08:21:03-B085D8BL9P-标题不见.
2023-03-05 08:21:03-B07QWT46HD-标题不见.
2023-03-05 08:21:03-B07QXR2XBK-标题不见.
2023-03-05 08:21:03-B0B2D7P76Q-标题不见.
2023-03-05 08:21:03-B0B2D7S5MK-标题不见.
2023-03-05 08:21:03-B0BFF1B8R1-标题不见.
2023-03-05 08:21:03-B07L61VK3L-标题不见.
2023-03-05 08:21:03-B07TH8GSGB-标题不见.
2023-03-05 08:21:03-B0BFF2NDWP-标题不见.
2023-03-05 08:21:03-B07T9YR7CL-标题不见.
2023-03-05 08:21:03-B07L61J54V-标题不见.
2023-03-05 08:21:03-B07L61JTCW-标题不见.
2023-03-05 08:21:03-B07Y2Y7X9Q-标题不见.
2023-03-05 08:21:03-B085DRYDN1-标题不见.
2023-03-05 08:21:03-B0BFDYVL94-标题不见.
2023-03-05 08:21:03-B09KTCDYB6-标题不见.
2023-03-05 08:21:03-B0B2D6BZ9D-标题不见.
2023-03-05 08:21:03-B07TF49V3B-标题不见.
2023-03-05 08:21:03-B07L62FCW6-标题不见.
2023-03-05 08:21:03-B07L62Q6PF-标题不见.
2023-03-05 08:21:03-B09Z1NXKWN-标题不见.
2023-03-05 08:21:03-B08S7L4JFB-标题不见.
2023-03-05 08:21:03-B07L62XRKP-标题不见.
2023-03-05 08:21:03-B07L6395ZF-标题不见.
2023-03-05 08:21:03-B07L61MB7Y-标题不见.
2023-03-05 08:21:03-B09Z1SGVP9-标题不见.
2023-03-05 08:21:03-B085DGXQG4-标题不见.
2023-03-05 08:21:03-B08Y5KLCW7-标题不见.
2023-03-05 08:21:03-B07L5SC5VL-标题不见.
2023-03-05 08:21:03-B07TG7KQTQ-标题不见.
2023-03-05 08:21:03-B0B5YYKB7J-标题不见.
2023-03-05 08:21:03-B08S73JNGZ-标题不见.
2023-03-05 08:21:03-B09VP7568K-标题不见.
2023-03-05 08:21:03-B09Z21QS2S-标题不见.
2023-03-05 08:21:03-B08S7FVHYZ-标题不见.
2023-03-05 08:21:03-B08S7BCVVD-标题不见.
2023-03-05 08:21:03-B09VP95Q2K-标题不见.
2023-03-05 08:21:03-B0BFDX81NG-标题不见.
2023-03-05 08:21:03-B08S7FTWFB-标题不见.
2023-03-05 08:21:03-B07TPT6J7J-标题不见.
2023-03-05 08:21:03-B07TBZ9SMP-标题不见.
2023-03-05 08:21:03-B07H5DGZWJ-标题不见.
2023-03-05 08:21:03-B0BFDZNDRS-标题不见.
2023-03-05 08:21:03-B07T9YNLSV-标题不见.
2023-03-05 08:21:03-B07XD34GXT-标题不见.
2023-03-05 08:21:03-B0BFF1KC9K-标题不见.
2023-03-05 08:21:03-B07QWT4CS9-标题不见.
2023-03-05 08:21:03-B09BDW8LPZ-标题不见.
2023-03-05 08:21:03-B0BLN8XS3L-标题不见.
2023-03-05 08:21:03-B085DH2FTV-标题不见.
2023-03-05 08:21:03-B085DQ4D58-标题不见.
2023-03-05 08:21:03-B08Z8CYKBX-标题不见.
2023-03-05 08:21:03-B07TBZKM97-标题不见.
2023-03-05 08:21:03-B09BDYLMW2-标题不见.
2023-03-05 08:21:03-B07L62JCLS-标题不见.
2023-03-05 08:21:03-B07Q83L196-标题不见.
2023-03-05 08:21:03-B09WKDX7G6-标题不见.
2023-03-05 08:21:03-B085DNV97W-标题不见.
2023-03-05 08:21:03-B07TBXWLXW-标题不见.
2023-03-05 08:21:03-B09BDXBLC1-标题不见.
2023-03-05 08:21:03-B07L63XFJF-标题不见.
2023-03-05 08:21:03-B0B7X23SNX-标题不见.
2023-03-05 08:21:03-B0BFDX5799-标题不见.
2023-03-05 08:21:03-B09BDX2G2D-标题不见.
2023-03-05 08:21:03-B07T9YRV84-标题不见.
2023-03-05 08:21:03-B0BFDZZL9D-标题不见.
2023-03-05 08:21:03-B07DHJQRPN-标题不见.
2023-03-05 08:21:03-B0BFDWJQKK-标题不见.
2023-03-05 08:21:03-B07TBZPLB6-标题不见.
2023-03-05 08:21:03-B0922WHP3G-标题不见.
2023-03-05 08:21:03-B08S6K7FL9-标题不见.
2023-03-05 08:21:03-B0BFQBRBBH-标题不见.
2023-03-05 08:21:03-B08XXDZT49-标题不见.
2023-03-05 08:21:03-B07QYSXM2Y-标题不见.
2023-03-05 08:21:03-B07L633KV8-标题不见.
2023-03-05 08:21:03-B09BFBSQRD-标题不见.
2023-03-05 08:21:03-B08Y14ZZJT-标题不见.
2023-03-05 08:21:03-B07L61KS1H-标题不见.
2023-03-05 08:21:03-B09B8NXC9M-标题不见.
2023-03-05 08:21:03-B0B2D6HZV1-标题不见.
2023-03-05 08:21:03-B07X8WYCFF-标题不见.
2023-03-05 08:21:03-B0922TVWJF-标题不见.
2023-03-05 08:21:03-B09BF18SVV-标题不见.
2023-03-05 08:21:03-B07R33LQ4X-标题不见.
2023-03-05 08:21:03-B07TH8HS4N-标题不见.
2023-03-05 08:21:03-B07L63CKBJ-标题不见.
2023-03-05 08:21:03-B0BFF2NQDX-标题不见.
2023-03-05 08:21:03-B08ZS319ST-标题不见.
2023-03-05 08:21:03-B07TH7VR83-标题不见.
2023-03-05 08:21:03-B07QWSBDH6-标题不见.
2023-03-05 08:21:03-B0B2D87NJJ-标题不见.
2023-03-05 08:21:03-B0B7X25GDK-标题不见.
2023-03-05 08:21:03-B07Y2ZGG8M-标题不见.
2023-03-05 08:21:03-B0BFF1T4BQ-标题不见.
2023-03-05 08:21:03-B07R22ZQV2-标题不见.
2023-03-05 08:21:03-B07T9Z6DP8-标题不见.
2023-03-05 08:21:03-B0B3D3SSSJ-标题不见.
2023-03-06 08:21:07-B07L62YWB7-标题不见.
2023-03-06 08:21:07-B0BFDZZL9D-标题不见.
2023-03-06 08:21:07-B09Z1YCC24-标题不见.
2023-03-06 08:21:07-B07L62FCW6-标题不见.
2023-03-06 08:21:07-B0B5D9JV8H-标题不见.
2023-03-06 08:21:07-B07TBYY4RM-标题不见.
2023-03-06 08:21:07-B07L62Q6PF-标题不见.
2023-03-06 08:21:07-B0BFDZBW1S-标题不见.
2023-03-06 08:21:07-B08S3FFNLP-标题不见.
2023-03-06 08:21:07-B09BDYLMW2-标题不见.
2023-03-06 08:21:07-B0922WHP3G-标题不见.
2023-03-06 08:21:07-B0922WBGXL-标题不见.
2023-03-06 08:21:07-B07T9YHPR3-标题不见.
2023-03-06 08:21:07-B07QXQ7JLM-标题不见.
2023-03-06 08:21:07-B07L63CKBJ-标题不见.
2023-03-06 08:21:07-B07TBYV5NM-标题不见.
2023-03-06 08:21:07-B07L61J54V-标题不见.
2023-03-06 08:21:07-B07TH7VR83-标题不见.
2023-03-06 08:21:07-B08Z8CYKBX-标题不见.
2023-03-06 08:21:07-B07XD34GXT-标题不见.
2023-03-06 08:21:07-B09BDZTCRG-标题不见.
2023-03-06 08:21:07-B07L61KS1H-标题不见.
2023-03-06 08:21:07-B07QWT46HD-标题不见.
2023-03-06 08:21:07-B07L5R52XL-标题不见.
2023-03-06 08:21:07-B07XB1B35H-标题不见.
2023-03-06 08:21:07-B08S7L4JFB-标题不见.
2023-03-06 08:21:07-B07TBZMRP7-标题不见.
2023-03-06 08:21:07-B07QYSXM2Y-标题不见.
2023-03-06 08:21:07-B07QWSBDH6-标题不见.
2023-03-06 08:21:07-B07Y2ZGG8M-标题不见.
2023-03-06 08:21:07-B07L61MB7Y-标题不见.
2023-03-06 08:21:07-B07QWT4CS9-标题不见.
2023-03-06 08:21:07-B08ZS319ST-标题不见.
2023-03-06 08:21:07-B08S7FVHYZ-标题不见.
2023-03-06 08:21:07-B085DB5MXR-标题不见.
2023-03-06 08:21:07-B0B3D6B2XR-标题不见.
2023-03-06 08:21:07-B09BFBSQRD-标题不见.
2023-03-06 08:21:07-B09Z1NXKWN-标题不见.
2023-03-06 08:21:07-B07TBXWLXW-标题不见.
2023-03-06 08:21:07-B07L637PQY-标题不见.
2023-03-06 08:21:07-B06XQXNB5R-标题不见.
2023-03-06 08:21:07-B08S3DW72X-标题不见.
2023-03-06 08:21:07-B08S79LW1Y-标题不见.
2023-03-06 08:21:07-B07L622D1K-标题不见.
2023-03-06 08:21:07-B07TH8HS4N-标题不见.
2023-03-06 08:21:07-B0BFF1B8R1-标题不见.
2023-03-06 08:21:07-B08S6K7FL9-标题不见.
2023-03-06 08:21:07-B0B5YYKB7J-标题不见.
2023-03-06 08:21:07-B0BLN8XS3L-标题不见.
2023-03-06 08:21:07-B0B7X25GDK-标题不见.
2023-03-06 08:21:07-B0BFDZNDRS-标题不见.
2023-03-06 08:21:07-B07T9Z6DP8-标题不见.
2023-03-06 08:21:07-B0BFF1KC9K-标题不见.
2023-03-06 08:21:07-B0B2D7P76Q-标题不见.
2023-03-06 08:21:07-B0922TVWJF-标题不见.
2023-03-06 08:21:07-B09BF18SVV-标题不见.
2023-03-06 08:21:07-B09B8NXC9M-标题不见.
2023-03-06 08:21:07-B07TPT6J7J-标题不见.
2023-03-06 08:21:07-B07T9Z2QH6-标题不见.
2023-03-06 08:21:07-B08S73JNGZ-标题不见.
2023-03-06 08:21:07-B0B2D7S5MK-标题不见.
2023-03-06 08:21:07-B07FQBBT5C-标题不见.
2023-03-06 08:21:07-B0BFDXMW6C-标题不见.
2023-03-06 08:21:07-B07L63XFJF-标题不见.
2023-03-06 08:21:07-B09Z1SGVP9-标题不见.
2023-03-06 08:21:07-B09QHZNXMP-标题不见.
2023-03-06 08:21:07-B08S7FTWFB-标题不见.
2023-03-06 08:21:07-B085DH2FTV-标题不见.
2023-03-06 08:21:07-B07H5DGZWJ-标题不见.
2023-03-06 08:21:07-B0B2D6BZ9D-标题不见.
2023-03-06 08:21:07-B0BFQBRBBH-标题不见.
2023-03-06 08:21:07-B09VP95Q2K-标题不见.
2023-03-06 08:21:07-B0BFDX81NG-标题不见.
2023-03-06 08:21:07-B09BDW8LPZ-标题不见.
2023-03-06 08:21:07-B08S3HC5WZ-标题不见.
2023-03-06 08:21:07-B09Z21QS2S-标题不见.
2023-03-06 08:21:07-B0B2D6HZV1-标题不见.
2023-03-06 08:21:07-B09VPCDZ4V-标题不见.
2023-03-06 08:21:07-B07TJDYFGT-标题不见.
2023-03-06 08:21:07-B09WKDX7G6-标题不见.
2023-03-06 08:21:07-B08Y14ZZJT-标题不见.
2023-03-06 08:21:07-B0BFF2NDWP-标题不见.
2023-03-06 08:21:07-B0B3D3SSSJ-标题不见.
2023-03-06 08:21:07-B0B7X23SNX-标题不见.
2023-03-06 08:21:07-B09KTCDYB6-标题不见.
2023-03-06 08:21:07-B085DGXQG4-标题不见.
2023-03-06 08:21:07-B07DHJQRPN-标题不见.
2023-03-06 08:21:07-B07Y2Y7X9Q-标题不见.
2023-03-06 08:21:07-B07L5SC5VL-标题不见.
2023-03-06 08:21:07-B07R22ZQV2-标题不见.
2023-03-06 08:21:07-B0BFDX5799-标题不见.
2023-03-06 08:21:07-B0BFDYVL94-标题不见.
2023-03-06 08:21:07-B085DQ4D58-标题不见.
2023-03-06 08:21:07-B085DRYDN1-标题不见.
2023-03-06 08:21:07-B0BFDZ58JR-标题不见.
2023-03-06 08:21:07-B07QXR2XBK-标题不见.
2023-03-06 08:21:07-B07L61WSP4-标题不见.
2023-03-06 08:21:07-B07TMLZ8DF-标题不见.
2023-03-06 08:21:07-B0BFF2NQDX-标题不见.
2023-03-06 08:21:07-B07TBZ9SMP-标题不见.
2023-03-06 08:21:07-B07T9Z26FQ-标题不见.
2023-03-06 08:21:07-B07L62XRKP-标题不见.
2023-03-06 08:21:07-B08S7BCVVD-标题不见.
2023-03-06 08:21:07-B085DNV97W-标题不见.
2023-03-06 08:21:07-B08S35TFGP-标题不见.
2023-03-06 08:21:07-B08Y5KLCW7-标题不见.
2023-03-06 08:21:07-B085DGTHRT-标题不见.
2023-03-06 08:21:07-B0BJJSBC8G-标题不见.
2023-03-06 08:21:07-B09BDXBLC1-标题不见.
2023-03-06 08:21:07-B07L61VK3L-标题不见.
2023-03-06 08:21:07-B0BFF1T4BQ-标题不见.
2023-03-06 08:21:07-B07L62JCLS-标题不见.
2023-03-06 08:21:07-B07TBZPLB6-标题不见.
2023-03-06 08:21:07-B07TBZKM97-标题不见.
2023-03-06 08:21:07-B08XXDZT49-标题不见.
2023-03-06 08:21:07-B085DCYYDT-标题不见.
2023-03-06 08:21:07-B07Q83L196-标题不见.
2023-03-06 08:21:07-B07L633KV8-标题不见.
2023-03-06 08:21:07-B07L6395ZF-标题不见.
2023-03-06 08:21:07-B07T9YR7CL-标题不见.
2023-03-06 08:21:07-B07TH8GSGB-标题不见.
2023-03-06 08:21:07-B08S7BTJZF-标题不见.
2023-03-06 08:21:07-B07L61JTCW-标题不见.
2023-03-06 08:21:07-B07X8WYCFF-标题不见.
2023-03-06 08:21:07-B085D8BL9P-标题不见.
2023-03-06 08:21:07-B0B2D83977-标题不见.
2023-03-06 08:21:07-B0B2D87NJJ-标题不见.
2023-03-06 08:21:07-B09VP7568K-标题不见.
2023-03-06 08:21:07-B09BDX2G2D-标题不见.
2023-03-06 08:21:07-B0B2D8F5GB-标题不见.
2023-03-06 08:21:07-B07W8FFCH7-标题不见.
2023-03-06 08:21:07-B096ZZFVB8-标题不见.
2023-03-06 08:21:07-B07TF49V3B-标题不见.
2023-03-06 08:21:07-B07T9YRV84-标题不见.
2023-03-06 08:21:07-B0BFDWJQKK-标题不见.
2023-03-06 08:21:07-B07QXQL3PS-标题不见.
2023-03-06 08:21:07-B07R33LQ4X-标题不见.
2023-03-06 08:21:07-B07T9YNLSV-标题不见.
2023-03-06 08:21:07-B07TG7KQTQ-标题不见.
2023-03-10 08:21:07-B0B2D8F5GB-标题不见.
2023-03-10 08:21:07-B07TH8GSGB-标题不见.
2023-03-10 08:21:07-B09WKDX7G6-标题不见.
2023-03-10 08:21:07-B0BFF1B8R1-标题不见.
2023-03-10 08:21:07-B0B3D3SSSJ-标题不见.
2023-03-10 08:21:07-B07L61JTCW-标题不见.
2023-03-10 08:21:07-B0BFDZ58JR-标题不见.
2023-03-10 08:21:07-B0922WHP3G-标题不见.
2023-03-10 08:21:07-B07TH8HS4N-标题不见.
2023-03-10 08:21:07-B08S7BTJZF-标题不见.
2023-03-10 08:21:07-B08Z8CYKBX-标题不见.
2023-03-10 08:21:07-B07QXR2XBK-标题不见.
2023-03-10 08:21:07-B08Y5KLCW7-标题不见.
2023-03-10 08:21:07-B07TBYY4RM-标题不见.
2023-03-10 08:21:07-B07TJDYFGT-标题不见.
2023-03-10 08:21:07-B085DH2FTV-标题不见.
2023-03-10 08:21:07-B06XQXNB5R-标题不见.
2023-03-10 08:21:07-B07X8WYCFF-标题不见.
2023-03-10 08:21:07-B0B2D7S5MK-标题不见.
2023-03-10 08:21:07-B07XD34GXT-标题不见.
2023-03-10 08:21:07-B085DB5MXR-标题不见.
2023-03-10 08:21:07-B0BFF2NDWP-标题不见.
2023-03-10 08:21:07-B07TH7VR83-标题不见.
2023-03-10 08:21:07-B0B2D6BZ9D-标题不见.
2023-03-10 08:21:07-B07T9YR7CL-标题不见.
2023-03-10 08:21:07-B09QHZNXMP-标题不见.
2023-03-10 08:21:07-B07L61VK3L-标题不见.
2023-03-10 08:21:07-B08ZS319ST-标题不见.
2023-03-10 08:21:07-B07L63CKBJ-标题不见.
2023-03-10 08:21:07-B0BFDZNDRS-标题不见.
2023-03-10 08:21:07-B0BFDZBW1S-标题不见.
2023-03-10 08:21:07-B07TBZMRP7-标题不见.
2023-03-10 08:21:07-B085D8BL9P-标题不见.
2023-03-10 08:21:07-B07W8FFCH7-标题不见.
2023-03-10 08:21:07-B07QXQ7JLM-标题不见.
2023-03-10 08:21:07-B09BDYLMW2-标题不见.
2023-03-10 08:21:07-B08XXDZT49-标题不见.
2023-03-10 08:21:07-B085DGXQG4-标题不见.
2023-03-11 08:44:09-B07XD34GXT-标题不见.
2023-03-11 08:44:09-B07TG7KQTQ-标题不见.
2023-03-11 08:44:09-B085DB5MXR-标题不见.
2023-03-11 08:44:09-B07T9Z26FQ-标题不见.
2023-03-11 08:44:09-B09BF18SVV-标题不见.
2023-03-11 08:44:09-B0B2D7S5MK-标题不见.
2023-03-11 08:44:09-B07TBZ9SMP-标题不见.
2023-03-11 08:44:09-B0B2D6BZ9D-标题不见.
2023-03-11 08:44:09-B07QXQ7JLM-标题不见.
2023-03-11 08:44:09-B07H5DGZWJ-标题不见.
2023-03-11 08:44:09-B07TF49V3B-标题不见.
2023-03-11 08:44:09-B07T9YHPR3-标题不见.
2023-03-11 08:44:09-B07L61VK3L-标题不见.
2023-03-11 08:44:09-B07L622D1K-标题不见.
2023-03-11 08:44:09-B0922TVWJF-标题不见.
2023-03-11 08:44:09-B07L61J54V-标题不见.
2023-03-11 08:44:09-B08Y5KLCW7-标题不见.
2023-03-11 08:44:09-B0B7X23SNX-标题不见.
2023-03-11 08:44:09-B07L61MB7Y-标题不见.
2023-03-11 08:44:09-B085DNV97W-标题不见.
2023-03-11 08:44:09-B07QXR2XBK-标题不见.
2023-03-11 08:44:09-B08S7FTWFB-标题不见.
2023-03-11 08:44:09-B07L5R52XL-标题不见.
2023-03-11 08:44:09-B07Y2ZGG8M-标题不见.
2023-03-11 08:44:09-B07Q83L196-标题不见.
2023-03-11 08:44:09-B07L62YWB7-标题不见.
2023-03-11 08:44:09-B0BFF1B8R1-标题不见.
2023-03-11 08:44:09-B07W8FFCH7-标题不见.
2023-03-11 08:44:09-B08Z8CYKBX-标题不见.
2023-03-11 08:44:09-B07L62FCW6-标题不见.
2023-03-11 08:44:09-B07R33LQ4X-标题不见.
2023-03-11 08:44:09-B08S73JNGZ-标题不见.
2023-03-11 08:44:09-B085DGTHRT-标题不见.
2023-03-11 08:44:09-B0BFF2NQDX-标题不见.
2023-03-11 08:44:09-B0BFDX5799-标题不见.
2023-03-11 08:44:09-B096ZZFVB8-标题不见.
2023-03-11 08:44:09-B07T9YR7CL-标题不见.
2023-03-11 08:44:09-B06XQXNB5R-标题不见.
2023-03-11 08:44:09-B07FQBBT5C-标题不见.
2023-03-11 08:44:09-B0B3D3SSSJ-标题不见.
2023-03-11 08:44:09-B085DQ4D58-标题不见.
2023-03-11 08:44:09-B07T9YRV84-标题不见.
2023-03-11 08:44:09-B07T9Z2QH6-标题不见.
2023-03-11 08:44:09-B09Z1YCC24-标题不见.
2023-03-11 08:44:09-B0B3D6B2XR-标题不见.
2023-03-12 08:44:04-B06XQXNB5R-标题不见.
2023-03-12 08:44:04-B07T9YR7CL-标题不见.
2023-03-12 08:44:04-B09BDX2G2D-标题不见.
2023-03-12 08:44:04-B08S7FTWFB-标题不见.
2023-03-12 08:44:04-B07Y2Y7X9Q-标题不见.
2023-03-12 08:44:04-B0B2D7P76Q-标题不见.
2023-03-12 08:44:04-B08S35TFGP-标题不见.
2023-03-12 08:44:04-B07W8FFCH7-标题不见.
2023-03-12 08:44:04-B0B2D83977-标题不见.
2023-03-12 08:44:04-B07QWSBDH6-标题不见.
2023-03-12 08:44:04-B0B7X25GDK-标题不见.
2023-03-12 08:44:04-B08S7FVHYZ-标题不见.
2023-03-12 08:44:04-B07L62JCLS-标题不见.
2023-03-12 08:44:04-B07L61J54V-标题不见.
2023-03-12 08:44:04-B07L633KV8-标题不见.
2023-03-12 08:44:04-B08Y5KLCW7-标题不见.
2023-03-12 08:44:04-B07XD34GXT-标题不见.
2023-03-12 08:44:04-B085DGXQG4-标题不见.
2023-03-12 08:44:04-B0BFDXMW6C-标题不见.
2023-03-12 08:44:04-B07Q83L196-标题不见.
2023-03-12 08:44:04-B0BFDX5799-标题不见.
2023-03-12 08:44:04-B07L62XRKP-标题不见.
2023-03-12 08:44:04-B07QWT4CS9-标题不见.
2023-03-12 08:44:04-B07TBZ9SMP-标题不见.
2023-03-12 08:44:04-B08S79LW1Y-标题不见.
2023-03-12 08:44:04-B085DQ4D58-标题不见.
2023-03-12 08:44:04-B0B2D7S5MK-标题不见.
2023-03-12 08:44:04-B0922WBGXL-标题不见.
2023-03-12 08:44:04-B0BFDZNDRS-标题不见.
2023-03-12 08:44:04-B085DNV97W-标题不见.
2023-03-12 08:44:04-B085DRYDN1-标题不见.
2023-03-12 08:44:04-B07L62Q6PF-标题不见.
2023-03-12 08:44:04-B07TH7VR83-标题不见.
2023-03-12 08:44:04-B0B2D6BZ9D-标题不见.
2023-03-12 08:44:04-B07L61JTCW-标题不见.
2023-03-12 08:44:04-B08XXDZT49-标题不见.
2023-03-12 08:44:04-B08Y14ZZJT-标题不见.
2023-03-12 08:44:04-B09BF18SVV-标题不见.
2023-03-12 08:44:04-B08S3DW72X-标题不见.
2023-03-12 08:44:04-B09B8NXC9M-标题不见.
2023-03-12 08:44:04-B07TMLZ8DF-标题不见.
2023-03-12 08:44:04-B0B2D6HZV1-标题不见.
2023-03-12 08:44:04-B0BFDYVL94-标题不见.
2023-03-12 08:44:04-B0BFDZ58JR-标题不见.
2023-03-12 08:44:04-B07L6395ZF-标题不见.
2023-03-12 08:44:04-B07T9YNLSV-标题不见.
2023-03-12 08:44:04-B07T9Z26FQ-标题不见.
2023-03-12 08:44:04-B07TBZPLB6-标题不见.
2023-03-12 08:44:04-B07L63CKBJ-标题不见.
2023-03-12 08:44:04-B07R22ZQV2-标题不见.
2023-03-12 08:44:04-B07TBXWLXW-标题不见.
2023-03-12 08:44:04-B08S6K7FL9-标题不见.
2023-03-12 08:44:04-B09BDYLMW2-标题不见.
2023-03-12 08:44:04-B08ZS319ST-标题不见.
2023-03-12 08:44:04-B08S7L4JFB-标题不见.
2023-03-12 08:44:04-B0BFF2NDWP-标题不见.
2023-03-12 08:44:04-B07QXQ7JLM-标题不见.
2023-03-12 08:44:04-B09BFBSQRD-标题不见.
2023-03-12 08:44:04-B085DH2FTV-标题不见.
2023-03-12 08:44:04-B0BFQBRBBH-标题不见.
2023-03-12 08:44:04-B07QWT46HD-标题不见.
2023-03-12 08:44:04-B07DHJQRPN-标题不见.
2023-03-12 08:44:04-B0B3D3SSSJ-标题不见.
2023-03-12 08:44:04-B07TBZKM97-标题不见.
2023-03-12 08:44:04-B07L622D1K-标题不见.
2023-03-12 08:44:04-B07T9Z2QH6-标题不见.
2023-03-12 08:44:04-B09Z1SGVP9-标题不见.
2023-03-12 08:44:04-B07R33LQ4X-标题不见.
2023-03-12 08:44:04-B07X8WYCFF-标题不见.
2023-03-12 08:44:04-B07L61VK3L-标题不见.
2023-03-12 08:44:04-B07FQBBT5C-标题不见.
2023-03-12 08:44:04-B09Z1YCC24-标题不见.
2023-03-12 08:44:04-B09VPCDZ4V-标题不见.
2023-03-12 08:44:04-B096ZZFVB8-标题不见.
2023-03-12 08:44:04-B09WKDX7G6-标题不见.
2023-03-12 08:44:04-B07Y2ZGG8M-标题不见.
2023-03-12 08:44:04-B07L5R52XL-标题不见.
2023-03-12 08:44:04-B07L61KS1H-标题不见.
2023-03-12 08:44:04-B07L637PQY-标题不见.
2023-03-12 08:44:04-B07TPT6J7J-标题不见.
2023-03-12 08:44:04-B07QXQL3PS-标题不见.
2023-03-12 08:44:04-B07T9YHPR3-标题不见.
2023-03-12 08:44:04-B09BDW8LPZ-标题不见.
2023-03-12 08:44:04-B08Z8CYKBX-标题不见.
2023-03-12 08:44:04-B0BJJSBC8G-标题不见.
2023-03-12 08:44:04-B08S3FFNLP-标题不见.
2023-03-12 08:44:04-B0BFDZZL9D-标题不见.
2023-03-12 08:44:04-B085D8BL9P-标题不见.
2023-03-12 08:44:04-B07T9YRV84-标题不见.
2023-03-12 08:44:04-B085DCYYDT-标题不见.
2023-03-12 08:44:04-B08S7BTJZF-标题不见.
2023-03-12 08:44:04-B0BFF1T4BQ-标题不见.
2023-03-12 08:44:04-B07L62FCW6-标题不见.
2023-03-12 08:44:04-B07TBYV5NM-标题不见.
2023-03-12 08:44:04-B0B5YYKB7J-标题不见.
2023-03-12 08:44:04-B09VP95Q2K-标题不见.
2023-03-12 08:44:04-B07TH8HS4N-标题不见.
2023-03-12 08:44:04-B07TH8GSGB-标题不见.
2023-03-12 08:44:04-B0BFF2NQDX-标题不见.
2023-03-12 08:44:04-B07TJDYFGT-标题不见.
2023-03-12 08:44:04-B09Z21QS2S-标题不见.
2023-03-12 08:44:04-B09Z1NXKWN-标题不见.
2023-03-12 08:44:04-B0B2D87NJJ-标题不见.
2023-03-12 08:44:04-B085DB5MXR-标题不见.
2023-03-12 08:44:04-B09BDXBLC1-标题不见.
2023-03-12 08:44:04-B07TF49V3B-标题不见.
2023-03-12 08:44:04-B0B2D8F5GB-标题不见.
2023-03-12 08:44:04-B07H5DGZWJ-标题不见.
2023-03-12 08:44:04-B07L61WSP4-标题不见.
2023-03-12 08:44:04-B0B3D6B2XR-标题不见.
2023-03-12 08:44:04-B0BLN8XS3L-标题不见.
2023-03-12 08:44:04-B07L5SC5VL-标题不见.
2023-03-12 08:44:04-B07TBYY4RM-标题不见.
2023-03-12 08:44:04-B08S73JNGZ-标题不见.
2023-03-12 08:44:04-B08S7BCVVD-标题不见.
2023-03-12 08:44:04-B07L62YWB7-标题不见.
2023-03-12 08:44:04-B0B7X23SNX-标题不见.
2023-03-12 08:44:04-B07L63XFJF-标题不见.
2023-03-12 08:44:04-B07TBZMRP7-标题不见.
2023-03-12 08:44:04-B07QXR2XBK-标题不见.
2023-03-12 08:44:04-B09SPVPPLC-标题不见.
2023-03-12 08:44:04-B09QHZNXMP-标题不见.
2023-03-12 08:44:04-B07T9Z6DP8-标题不见.
2023-03-12 08:44:04-B0BFDZBW1S-标题不见.
2023-03-12 08:44:04-B09KTCDYB6-标题不见.
2023-03-12 08:44:04-B07XB1B35H-标题不见.
2023-03-12 08:44:04-B07L61MB7Y-标题不见.
2023-03-12 08:44:04-B0BFF1B8R1-标题不见.
2023-03-12 08:44:04-B07QYSXM2Y-标题不见.
2023-03-12 08:44:04-B07TG7KQTQ-标题不见.
2023-03-12 08:44:04-B08S3HC5WZ-标题不见.
2023-03-12 08:44:04-B09VP7568K-标题不见.
2023-03-12 08:44:04-B0BFF1KC9K-标题不见.
2023-03-12 08:44:04-B0922TVWJF-标题不见.
2023-03-12 08:44:04-B0922WHP3G-标题不见.
2023-03-12 08:44:04-B0BFDX81NG-标题不见.
2023-03-12 08:44:04-B0BFDWJQKK-标题不见.
2023-03-12 08:44:04-B085DGTHRT-标题不见.
2023-03-12 08:44:04-B09BDZTCRG-标题不见.
2023-03-13 08:43:46-B07TBXWLXW-标题不见.
2023-03-13 08:43:46-B07L63CKBJ-标题不见.
2023-03-13 08:43:46-B0BFHLB2YR-标题不见.
2023-03-13 08:43:46-B07TF49V3B-标题不见.
2023-03-13 08:43:46-B08S79LW1Y-标题不见.
2023-03-13 08:43:46-B09Z1NXKWN-标题不见.
2023-03-13 08:43:46-B09SPVPPLC-标题不见.
2023-03-13 08:43:46-B07L62Q6PF-标题不见.
2023-03-13 08:43:46-B0B2D7S5MK-标题不见.
2023-03-13 08:43:46-B09Z1YCC24-标题不见.
2023-03-13 08:43:46-B07YW4XD22-标题不见.
2023-03-13 08:43:46-B09GJL43HC-标题不见.
2023-03-13 08:43:46-B09BDZTCRG-标题不见.
2023-03-13 08:43:46-B07TBZPLB6-标题不见.
2023-03-13 08:43:46-B09B8NXC9M-标题不见.
2023-03-13 08:43:46-B099S48MSF-标题不见.
2023-03-13 08:43:46-B07TBZ9SMP-标题不见.
2023-03-13 08:43:46-B07TBZKM97-标题不见.
2023-03-13 08:43:46-B07QWT4CS9-标题不见.
2023-03-13 08:43:46-B08S7FTWFB-标题不见.
2023-03-13 08:43:46-B07XB1B35H-标题不见.
2023-03-13 08:43:46-B08S6K7FL9-标题不见.
2023-03-13 08:43:46-B09FSS5TPL-标题不见.
2023-03-13 08:43:46-B09B3BF2XL-标题不见.
2023-03-13 08:43:46-B07T9Z26FQ-标题不见.
2023-03-13 08:43:46-B085DQ4D58-标题不见.
2023-03-13 08:43:46-B07L62JCLS-标题不见.
2023-03-13 08:43:46-B0BMLGCMDR-标题不见.
2023-03-13 08:43:46-B08ZS319ST-标题不见.
2023-03-13 08:43:46-B08S7BCVVD-标题不见.
2023-03-13 08:43:46-B0B5XNVQYS-标题不见.
2023-03-13 08:43:46-B09XD7H2FF-标题不见.
2023-03-13 08:43:46-B07R22ZQV2-标题不见.
2023-03-13 08:43:46-B07T9YNLSV-标题不见.
2023-03-13 08:43:46-B08Y5KLCW7-标题不见.
2023-03-13 08:43:46-B07L637PQY-标题不见.
2023-03-13 08:43:46-B09KTCDYB6-标题不见.
2023-03-13 08:43:46-B08XXDZT49-标题不见.
2023-03-13 08:43:46-B07Y2Y7X9Q-标题不见.
2023-03-13 08:43:46-B0922WHP3G-标题不见.
2023-03-13 08:43:46-B07L61WSP4-标题不见.
2023-03-13 08:43:46-B085D8BL9P-标题不见.
2023-03-13 08:43:46-B095WQ1Z5Q-标题不见.
2023-03-13 08:43:46-B0922WBGXL-标题不见.
2023-03-13 08:43:46-B09QHZNXMP-标题不见.
2023-03-13 08:43:46-B08S7BTJZF-标题不见.
2023-03-13 08:43:46-B07L63XFJF-标题不见.
2023-03-13 08:43:46-B0BFHKHM45-标题不见.
2023-03-13 08:43:46-B0B3D6B2XR-标题不见.
2023-03-13 08:43:46-B095WQP5L9-标题不见.
2023-03-13 08:43:46-B07L6395ZF-标题不见.
2023-03-13 08:43:46-B0BFDZ58JR-标题不见.
2023-03-13 08:43:46-B0B7X25GDK-标题不见.
2023-03-13 08:43:46-B07L61MB7Y-标题不见.
2023-03-13 08:43:46-B07Y2ZGG8M-标题不见.
2023-03-13 08:43:46-B0BFF1B8R1-标题不见.
2023-03-13 08:43:46-B07L622D1K-标题不见.
2023-03-13 08:43:46-B07T9Z6DP8-标题不见.
2023-03-13 08:43:46-B09BDX2G2D-标题不见.
2023-03-13 08:43:46-B08V3YJQ15-标题不见.
2023-03-13 08:43:46-B07DHJQRPN-标题不见.
2023-03-13 08:43:46-B0BFF1KC9K-标题不见.
2023-03-13 08:43:46-B0BLN8XS3L-标题不见.
2023-03-13 08:43:46-B0BFDZNDRS-标题不见.
2023-03-13 08:43:46-B07L62YWB7-标题不见.
2023-03-13 08:43:46-B09BF18SVV-标题不见.
2023-03-13 08:43:46-B08S73JNGZ-标题不见.
2023-03-13 08:43:46-B09Z21QS2S-标题不见.
2023-03-13 08:43:46-B07TBYY4RM-标题不见.
2023-03-13 08:43:46-B07TBZMRP7-标题不见.
2023-03-13 08:43:46-B07L62FCW6-标题不见.
2023-03-13 08:43:46-B0BFDZZL9D-标题不见.
2023-03-13 08:43:46-B07H5DGZWJ-标题不见.
2023-03-13 08:43:46-B07QXR2XBK-标题不见.
2023-03-13 08:43:46-B0BFF2NQDX-标题不见.
2023-03-13 08:43:46-B08S3FFNLP-标题不见.
2023-03-13 08:43:46-B07L5SC5VL-标题不见.
2023-03-13 08:43:46-B0BFF1T4BQ-标题不见.
2023-03-13 08:43:46-B096ZZFVB8-标题不见.
2023-03-13 08:43:46-B0B2D6BZ9D-标题不见.
2023-03-13 08:43:46-B07L61KS1H-标题不见.
2023-03-13 08:43:46-B07TJDYFGT-标题不见.
2023-03-13 08:43:46-B07QXQ7JLM-标题不见.
2023-03-13 08:43:46-B09BDXBLC1-标题不见.
2023-03-13 08:43:46-B085DGTHRT-标题不见.
2023-03-13 08:43:46-B0BFDXMW6C-标题不见.
2023-03-13 08:43:46-B0B2D6HZV1-标题不见.
2023-03-13 08:43:46-B08S7FVHYZ-标题不见.
2023-03-13 08:43:46-B0BFDX5799-标题不见.
2023-03-13 08:43:46-B0BFDYVL94-标题不见.
2023-03-13 08:43:46-B07QWSBDH6-标题不见.
2023-03-13 08:43:46-B07L5R52XL-标题不见.
2023-03-13 08:43:46-B07QYSXM2Y-标题不见.
2023-03-13 08:43:46-B07L61J54V-标题不见.
2023-03-13 08:43:46-B08Z8CYKBX-标题不见.
2023-03-13 08:43:46-B07QXQL3PS-标题不见.
2023-03-13 08:43:46-B085DH2FTV-标题不见.
2023-03-13 08:43:46-B07QWT46HD-标题不见.
2023-03-13 08:43:46-B08Y14ZZJT-标题不见.
2023-03-13 08:43:46-B09Z1SGVP9-标题不见.
2023-03-13 08:43:46-B07Q83L196-标题不见.
2023-03-13 08:43:46-B07T9Z2QH6-标题不见.
2023-03-13 08:43:46-B07TBYV5NM-标题不见.
2023-03-13 08:43:46-B0B2D87NJJ-标题不见.
2023-03-13 08:43:46-B07R33LQ4X-标题不见.
2023-03-13 08:43:46-B0B3D3SSSJ-标题不见.
2023-03-13 08:43:46-B07L62XRKP-标题不见.
2023-03-13 08:43:46-B08S35TFGP-标题不见.
2023-03-13 08:43:46-B06XQXNB5R-标题不见.
2023-03-13 08:43:46-B0922TVWJF-标题不见.
2023-03-13 08:43:46-B07T9YHPR3-标题不见.
2023-03-13 08:43:46-B09VP7568K-标题不见.
2023-03-13 08:43:46-B07TH8GSGB-标题不见.
2023-03-13 08:43:46-B0BFF2NDWP-标题不见.
2023-03-13 08:43:46-B09VP95Q2K-标题不见.
2023-03-13 08:43:46-B0BFDZBW1S-标题不见.
2023-03-13 08:43:46-B07X8WYCFF-标题不见.
2023-03-13 08:43:46-B09BDYLMW2-标题不见.
2023-03-13 08:43:46-B07L633KV8-标题不见.
2023-03-13 08:43:46-B085DB5MXR-标题不见.
2023-03-13 08:43:46-B085DCYYDT-标题不见.
2023-03-13 08:43:46-B07XD34GXT-标题不见.
2023-03-13 08:43:46-B085DNV97W-标题不见.
2023-03-13 08:43:46-B09BFBSQRD-标题不见.
2023-03-13 08:43:46-B08S3DW72X-标题不见.
2023-03-13 08:43:46-B08S3HC5WZ-标题不见.
2023-03-13 08:43:46-B0B2D8F5GB-标题不见.
2023-03-13 08:43:46-B07TG7KQTQ-标题不见.
2023-03-13 08:43:46-B09WKDX7G6-标题不见.
2023-03-13 08:43:46-B07FQBBT5C-标题不见.
2023-03-13 08:43:46-B09BDW8LPZ-标题不见.
2023-03-13 08:43:46-B07TPT6J7J-标题不见.
2023-03-13 08:43:46-B0B7X23SNX-标题不见.
2023-03-13 08:43:46-B085DRYDN1-标题不见.
2023-03-14 08:43:41-B09WKDX7G6-标题不见.
2023-03-14 08:43:41-B07L637PQY-标题不见.
2023-03-14 08:43:41-B07T9Z26FQ-标题不见.
2023-03-14 08:43:41-B0BFDXMW6C-标题不见.
2023-03-14 08:43:41-B09VP95Q2K-标题不见.
2023-03-14 08:43:41-B09BDXBLC1-标题不见.
2023-03-14 08:43:41-B08XXDZT49-标题不见.
2023-03-14 08:43:41-B0BFF1B8R1-标题不见.
2023-03-14 08:43:41-B096ZZFVB8-标题不见.
2023-03-14 08:43:41-B07L61JTCW-标题不见.
2023-03-14 08:43:41-B0BFDZBW1S-标题不见.
2023-03-14 08:43:41-B07QXQ7JLM-标题不见.
2023-03-14 08:43:41-B085DGXQG4-标题不见.
2023-03-14 08:43:41-B07T9YR7CL-标题不见.
2023-03-14 08:43:41-B07TG7KQTQ-标题不见.
2023-03-14 08:43:41-B09BDYLMW2-标题不见.
2023-03-14 08:43:41-B08S7FVHYZ-标题不见.
2023-03-14 08:43:41-B085DQ4D58-标题不见.
2023-03-14 08:43:41-B0B3D6B2XR-标题不见.
2023-03-14 08:43:41-B09BFBSQRD-标题不见.
2023-03-14 08:43:41-B08S7FTWFB-标题不见.
2023-03-14 08:43:41-B0BFDZNDRS-标题不见.
2023-03-14 08:43:41-B07L63CKBJ-标题不见.
2023-03-14 08:43:41-B09Z1NXKWN-标题不见.
2023-03-14 08:43:41-B07FQBBT5C-标题不见.
2023-03-14 08:43:41-B07L61VK3L-标题不见.
2023-03-14 08:43:41-B07X8WYCFF-标题不见.
2023-03-14 08:43:41-B07TBZ9SMP-标题不见.
2023-03-14 08:43:41-B07Y2ZGG8M-标题不见.
2023-03-14 08:43:41-B08S6K7FL9-标题不见.
2023-03-14 08:43:41-B07TBZMRP7-标题不见.
2023-03-14 08:43:41-B07TBZKM97-标题不见.
2023-03-14 08:43:41-B07L63XFJF-标题不见.
2023-03-14 08:43:41-B07XD34GXT-标题不见.
2023-03-14 08:43:41-B0BFF2NDWP-标题不见.
2023-03-14 08:43:41-B07T9YHPR3-标题不见.
2023-03-14 08:43:41-B0B2D8F5GB-标题不见.
2023-03-14 08:43:41-B07TPT6J7J-标题不见.
2023-03-14 08:43:41-B085D8BL9P-标题不见.
2023-03-14 08:43:41-B0B2D83977-标题不见.
2023-03-14 08:43:41-B0B2D87NJJ-标题不见.
2023-03-14 08:43:41-B085DNV97W-标题不见.
2023-03-14 08:43:41-B07L62Q6PF-标题不见.
2023-03-14 08:43:41-B07L633KV8-标题不见.
2023-03-14 08:43:41-B08S7BCVVD-标题不见.
2023-03-14 08:43:41-B09VP7568K-标题不见.
2023-03-14 08:43:41-B07TBYV5NM-标题不见.
2023-03-14 08:43:41-B0B2D7S5MK-标题不见.
2023-03-14 08:43:41-B07Y2Y7X9Q-标题不见.
2023-03-14 08:43:41-B0BLN8XS3L-标题不见.
2023-03-14 08:43:41-B07L62FCW6-标题不见.
2023-03-14 08:43:41-B0BJJSBC8G-标题不见.
2023-03-14 08:43:41-B0B5YYKB7J-标题不见.
2023-03-14 08:43:41-B08ZS319ST-标题不见.
2023-03-14 08:43:41-B07L62XRKP-标题不见.
2023-03-14 08:43:41-B07L62JCLS-标题不见.
2023-03-14 08:43:41-B07T9Z6DP8-标题不见.
2023-03-14 08:43:41-B07QXR2XBK-标题不见.
2023-03-14 08:43:41-B0BFF1T4BQ-标题不见.
2023-03-14 08:43:41-B0BFDX5799-标题不见.
2023-03-14 08:43:41-B0BFDZ58JR-标题不见.
2023-03-14 08:43:41-B07Q83L196-标题不见.
2023-03-14 08:43:41-B09BDX2G2D-标题不见.
2023-03-14 08:43:41-B08Y5KLCW7-标题不见.
2023-03-14 08:43:41-B0B3D3SSSJ-标题不见.
2023-03-14 08:43:41-B07W8FFCH7-标题不见.
2023-03-14 08:43:41-B06XQXNB5R-标题不见.
2023-03-14 08:43:41-B0922WBGXL-标题不见.
2023-03-14 08:43:41-B085DH2FTV-标题不见.
2023-03-14 08:43:41-B0B7X23SNX-标题不见.
2023-03-14 08:43:41-B07TF49V3B-标题不见.
2023-03-14 08:43:41-B07QWT46HD-标题不见.
2023-03-14 08:43:41-B07R22ZQV2-标题不见.
2023-03-14 08:43:41-B08S73JNGZ-标题不见.
2023-03-14 08:43:41-B09BDZTCRG-标题不见.
2023-03-14 08:43:41-B0BFF1KC9K-标题不见.
2023-03-14 08:43:41-B0922WHP3G-标题不见.
2023-03-14 08:43:41-B0BFDWJQKK-标题不见.
2023-03-14 08:43:41-B07L62YWB7-标题不见.
2023-03-14 08:43:41-B07T9YRV84-标题不见.
2023-03-14 08:43:41-B07L61J54V-标题不见.
2023-03-14 08:43:41-B07L5R52XL-标题不见.
2023-03-14 08:43:41-B07L622D1K-标题不见.
2023-03-14 08:43:41-B07TBXWLXW-标题不见.
2023-03-14 08:43:41-B085DCYYDT-标题不见.
2023-03-14 08:43:41-B09Z1SGVP9-标题不见.
2023-03-14 08:43:41-B07TBYY4RM-标题不见.
2023-03-14 08:43:41-B07H5DGZWJ-标题不见.
2023-03-14 08:43:41-B08S7BTJZF-标题不见.
2023-03-14 08:43:41-B08S35TFGP-标题不见.
2023-03-14 08:43:41-B09SPVPPLC-标题不见.
2023-03-14 08:43:41-B07L6395ZF-标题不见.
2023-03-14 08:43:41-B09QHZNXMP-标题不见.
2023-03-14 08:43:41-B07XB1B35H-标题不见.
2023-03-14 08:43:41-B0BFDX81NG-标题不见.
2023-03-14 08:43:41-B08Z8CYKBX-标题不见.
2023-03-14 08:43:41-B085DGTHRT-标题不见.
2023-03-14 08:43:41-B07QXQL3PS-标题不见.
2023-03-14 08:43:41-B07L61KS1H-标题不见.
2023-03-14 08:43:41-B07QYSXM2Y-标题不见.
2023-03-14 08:43:41-B07DHJQRPN-标题不见.
2023-03-14 08:43:41-B0B2D6BZ9D-标题不见.
2023-03-14 08:43:41-B07T9YNLSV-标题不见.
2023-03-14 08:43:41-B07R33LQ4X-标题不见.
2023-03-14 08:43:41-B07TH8GSGB-标题不见.
2023-03-14 08:43:41-B09KTCDYB6-标题不见.
2023-03-14 08:43:41-B085DRYDN1-标题不见.
2023-03-14 08:43:41-B09VPCDZ4V-标题不见.
2023-03-14 08:43:41-B07QWT4CS9-标题不见.
2023-03-14 08:43:41-B08S3HC5WZ-标题不见.
2023-03-14 08:43:41-B07TBZPLB6-标题不见.
2023-03-14 08:43:41-B0B7X25GDK-标题不见.
2023-03-14 08:43:41-B08S3DW72X-标题不见.
2023-03-14 08:43:41-B09Z1YCC24-标题不见.
2023-03-14 08:43:41-B07TH7VR83-标题不见.
2023-03-14 08:43:41-B0BFQBRBBH-标题不见.
2023-03-14 08:43:41-B07TJDYFGT-标题不见.
2023-03-14 08:43:41-B09BDW8LPZ-标题不见.
2023-03-14 08:43:41-B07L61WSP4-标题不见.
2023-03-14 08:43:41-B07T9Z2QH6-标题不见.
2023-03-14 08:43:41-B0BFDZZL9D-标题不见.
2023-03-14 08:43:41-B08S79LW1Y-标题不见.
2023-03-14 08:43:41-B09Z21QS2S-标题不见.
2023-03-14 08:43:41-B08S3FFNLP-标题不见.
2023-03-14 08:43:41-B0BFF2NQDX-标题不见.
2023-03-14 08:43:41-B09B8NXC9M-标题不见.
2023-03-14 08:43:41-B09BF18SVV-标题不见.
2023-03-14 08:43:41-B0B2D7P76Q-标题不见.
2023-03-14 08:43:41-B08S7L4JFB-标题不见.
2023-03-14 08:43:41-B08Y14ZZJT-标题不见.
2023-03-14 08:43:41-B07QWSBDH6-标题不见.
2023-03-14 08:43:41-B07TMLZ8DF-标题不见.
2023-03-14 08:43:41-B085DB5MXR-标题不见.
2023-03-14 08:43:41-B07TH8HS4N-标题不见.
2023-03-14 08:43:41-B0922TVWJF-标题不见.
2023-03-14 08:43:41-B0B2D6HZV1-标题不见.
2023-03-14 08:43:41-B07L5SC5VL-标题不见.
2023-03-14 08:43:41-B0BFDYVL94-标题不见.
2023-03-14 08:43:41-B07L61MB7Y-标题不见.
2023-03-15 08:43:39-B0BFDX81NG-标题不见.
2023-03-15 08:43:39-B0BFDZ58JR-标题不见.
2023-03-15 08:43:39-B09Z1YCC24-标题不见.
2023-03-15 08:43:39-B07L6395ZF-标题不见.
2023-03-15 08:43:39-B0B2D6HZV1-标题不见.
2023-03-15 08:43:39-B09B8NXC9M-标题不见.
2023-03-15 08:43:39-B07L61JTCW-标题不见.
2023-03-15 08:43:39-B07FQBBT5C-标题不见.
2023-03-15 08:43:39-B07R22ZQV2-标题不见.
2023-03-15 08:43:39-B09Z21QS2S-标题不见.
2023-03-15 08:43:39-B09BF18SVV-标题不见.
2023-03-15 08:43:39-B07T9Z26FQ-标题不见.
2023-03-15 08:43:39-B07L61MB7Y-标题不见.
2023-03-15 08:43:39-B07TBZKM97-标题不见.
2023-03-15 08:43:39-B07W8FFCH7-标题不见.
2023-03-15 08:43:39-B07R33LQ4X-标题不见.
2023-03-15 08:43:39-B09BDXBLC1-标题不见.
2023-03-15 08:43:39-B09VPCDZ4V-标题不见.
2023-03-15 08:43:39-B07L62YWB7-标题不见.
2023-03-15 08:43:39-B08S73JNGZ-标题不见.
2023-03-15 08:43:39-B08S7BTJZF-标题不见.
2023-03-15 08:43:39-B0BFF2NQDX-标题不见.
2023-03-15 08:43:39-B0B5YYKB7J-标题不见.
2023-03-15 08:43:39-B07L63XFJF-标题不见.
2023-03-15 08:43:39-B07T9YR7CL-标题不见.
2023-03-15 08:43:39-B09BDW8LPZ-标题不见.
2023-03-15 08:43:39-B0BFDZZL9D-标题不见.
2023-03-15 08:43:39-B07TBYY4RM-标题不见.
2023-03-15 08:43:39-B07QXQL3PS-标题不见.
2023-03-15 08:43:39-B0922WHP3G-标题不见.
2023-03-15 08:43:39-B0BFDX5799-标题不见.
2023-03-15 08:43:39-B07QWSBDH6-标题不见.
2023-03-15 08:43:39-B0BLN8XS3L-标题不见.
2023-03-15 08:43:39-B085DGTHRT-标题不见.
2023-03-15 08:43:39-B085D8BL9P-标题不见.
2023-03-15 08:43:39-B0B2D87NJJ-标题不见.
2023-03-15 08:43:39-B07T9YHPR3-标题不见.
2023-03-15 08:43:39-B07TBYV5NM-标题不见.
2023-03-15 08:43:39-B07T9YRV84-标题不见.
2023-03-15 08:43:39-B0BFF1T4BQ-标题不见.
2023-03-15 08:43:39-B09BFBSQRD-标题不见.
2023-03-15 08:43:39-B07Y2Y7X9Q-标题不见.
2023-03-15 08:43:39-B09VP7568K-标题不见.
2023-03-15 08:43:39-B0B3D3SSSJ-标题不见.
2023-03-15 08:43:39-B0B2D7P76Q-标题不见.
2023-03-15 08:43:39-B096ZZFVB8-标题不见.
2023-03-15 08:43:39-B07TBZPLB6-标题不见.
2023-03-15 08:43:39-B0922WBGXL-标题不见.
2023-03-15 08:43:39-B07QXR2XBK-标题不见.
2023-03-15 08:43:39-B0BJJSBC8G-标题不见.
2023-03-15 08:43:39-B07T9Z6DP8-标题不见.
2023-03-15 08:43:39-B07L622D1K-标题不见.
2023-03-15 08:43:39-B0B2D83977-标题不见.
2023-03-15 08:43:39-B08S3DW72X-标题不见.
2023-03-15 08:43:39-B0BFDXMW6C-标题不见.
2023-03-15 08:43:39-B08Y14ZZJT-标题不见.
2023-03-15 08:43:39-B07TBXWLXW-标题不见.
2023-03-15 08:43:39-B09QHZNXMP-标题不见.
2023-03-15 08:43:39-B07TBZ9SMP-标题不见.
2023-03-15 08:43:39-B07QXQ7JLM-标题不见.
2023-03-15 08:43:39-B085DGXQG4-标题不见.
2023-03-15 08:43:39-B08XXDZT49-标题不见.
2023-03-15 08:43:39-B09Z1SGVP9-标题不见.
2023-03-15 08:43:39-B07T9Z2QH6-标题不见.
2023-03-15 08:43:39-B09KTCDYB6-标题不见.
2023-03-15 08:43:39-B07L63CKBJ-标题不见.
2023-03-15 08:43:39-B09BDX2G2D-标题不见.
2023-03-15 08:43:39-B0BFDZNDRS-标题不见.
2023-03-15 08:43:39-B0BFDYVL94-标题不见.
2023-03-15 08:43:39-B0BFF2NDWP-标题不见.
2023-03-15 08:43:39-B07L5SC5VL-标题不见.
2023-03-15 08:43:39-B07TMLZ8DF-标题不见.
2023-03-15 08:43:39-B07XD34GXT-标题不见.
2023-03-15 08:43:39-B09BDYLMW2-标题不见.
2023-03-15 08:43:39-B07L5R52XL-标题不见.
2023-03-15 08:43:39-B09Z1NXKWN-标题不见.
2023-03-15 08:43:39-B07QYSXM2Y-标题不见.
2023-03-15 08:43:39-B085DQ4D58-标题不见.
2023-03-15 08:43:39-B07QWT46HD-标题不见.
2023-03-15 08:43:39-B07Y2ZGG8M-标题不见.
2023-03-15 08:43:39-B07QWT4CS9-标题不见.
2023-03-15 08:43:39-B08S79LW1Y-标题不见.
2023-03-15 08:43:39-B07TG7KQTQ-标题不见.
2023-03-15 08:43:39-B07TF49V3B-标题不见.
2023-03-15 08:43:39-B07L62JCLS-标题不见.
2023-03-15 08:43:39-B07L61VK3L-标题不见.
2023-03-15 08:43:39-B08S3HC5WZ-标题不见.
2023-03-15 08:43:39-B07TH7VR83-标题不见.
2023-03-15 08:43:39-B085DH2FTV-标题不见.
2023-03-15 08:43:39-B0BFF1KC9K-标题不见.
2023-03-15 08:43:39-B07T9YNLSV-标题不见.
2023-03-15 08:43:39-B0B2D8F5GB-标题不见.
2023-03-15 08:43:39-B0B3D6B2XR-标题不见.
2023-03-15 08:43:39-B07H5DGZWJ-标题不见.
2023-03-15 08:43:39-B07DHJQRPN-标题不见.
2023-03-15 08:43:39-B07L61J54V-标题不见.
2023-03-15 08:43:39-B07TH8HS4N-标题不见.
2023-03-15 08:43:39-B0B2D7S5MK-标题不见.
2023-03-15 08:43:39-B0B2D6BZ9D-标题不见.
2023-03-15 08:43:39-B085DB5MXR-标题不见.
2023-03-15 08:43:39-B07XB1B35H-标题不见.
2023-03-15 08:43:39-B07L637PQY-标题不见.
2023-03-15 08:43:39-B08S35TFGP-标题不见.
2023-03-15 08:43:39-B085DCYYDT-标题不见.
2023-03-15 08:43:39-B0BFQBRBBH-标题不见.
2023-03-15 08:43:39-B0B7X25GDK-标题不见.
2023-03-15 08:43:39-B06XQXNB5R-标题不见.
2023-03-15 08:43:39-B08S6K7FL9-标题不见.
2023-03-15 08:43:39-B07L62XRKP-标题不见.
2023-03-15 08:43:39-B085DRYDN1-标题不见.
2023-03-15 08:43:39-B0B7X23SNX-标题不见.
2023-03-15 08:43:39-B07L61WSP4-标题不见.
2023-03-15 08:43:39-B08Z8CYKBX-标题不见.
2023-03-15 08:43:39-B07L62Q6PF-标题不见.
2023-03-15 08:43:39-B07X8WYCFF-标题不见.
2023-03-15 08:43:39-B0BFF1B8R1-标题不见.
2023-03-15 08:43:39-B08S3FFNLP-标题不见.
2023-03-15 08:43:39-B08Y5KLCW7-标题不见.
2023-03-15 08:43:39-B09VP95Q2K-标题不见.
2023-03-15 08:43:39-B07Q83L196-标题不见.
2023-03-15 08:43:39-B0922TVWJF-标题不见.
2023-03-15 08:43:39-B08S7L4JFB-标题不见.
2023-03-15 08:43:39-B09WKDX7G6-标题不见.
2023-03-15 08:43:39-B0BFDWJQKK-标题不见.
2023-03-15 08:43:39-B0BFDZBW1S-标题不见.
2023-03-15 08:43:39-B07TH8GSGB-标题不见.
2023-03-15 08:43:39-B08S7FVHYZ-标题不见.
2023-03-15 08:43:39-B07TBZMRP7-标题不见.
2023-03-15 08:43:39-B085DNV97W-标题不见.
2023-03-15 08:43:39-B07L62FCW6-标题不见.
2023-03-15 08:43:39-B08S7FTWFB-标题不见.
2023-03-15 08:43:39-B07L633KV8-标题不见.
2023-03-15 08:43:39-B09BDZTCRG-标题不见.
2023-03-15 08:43:39-B07TJDYFGT-标题不见.
2023-03-15 08:43:39-B08S7BCVVD-标题不见.
2023-03-15 08:43:39-B07TPT6J7J-标题不见.
2023-03-15 08:43:39-B07L61KS1H-标题不见.
2023-03-15 08:43:39-B08ZS319ST-标题不见.
2023-03-15 08:43:39-B09SPVPPLC-标题不见.
2023-03-16 08:44:01-B096ZZFVB8-标题不见.
2023-03-16 08:44:01-B0B7X23SNX-标题不见.
2023-03-16 08:44:01-B07QWSBDH6-标题不见.
2023-03-16 08:44:01-B07TBZ9SMP-标题不见.
2023-03-16 08:44:01-B09BFBSQRD-标题不见.
2023-03-16 08:44:01-B07L61JTCW-标题不见.
2023-03-16 08:44:01-B06XQXNB5R-标题不见.
2023-03-16 08:44:01-B0BFF1B8R1-标题不见.
2023-03-16 08:44:01-B07T9YR7CL-标题不见.
2023-03-16 08:44:01-B08S73JNGZ-标题不见.
2023-03-16 08:44:01-B085DGXQG4-标题不见.
2023-03-16 08:44:01-B07R22ZQV2-标题不见.
2023-03-16 08:44:01-B0B7X25GDK-标题不见.
2023-03-16 08:44:01-B09Z1YCC24-标题不见.
2023-03-16 08:44:01-B0B2D6HZV1-标题不见.
2023-03-16 08:44:01-B07TF49V3B-标题不见.
2023-03-16 08:44:01-B07TPT6J7J-标题不见.
2023-03-16 08:44:01-B09BDYLMW2-标题不见.
2023-03-16 08:44:01-B085DH2FTV-标题不见.
2023-03-16 08:44:01-B0B2D7S5MK-标题不见.
2023-03-16 08:44:01-B0BFDX5799-标题不见.
2023-03-16 08:44:01-B07XB1B35H-标题不见.
2023-03-16 08:44:01-B07TBZPLB6-标题不见.
2023-03-16 08:44:01-B085DRYDN1-标题不见.
2023-03-16 08:44:01-B0922WHP3G-标题不见.
2023-03-16 08:44:01-B07L61J54V-标题不见.
2023-03-16 08:44:01-B07TJDYFGT-标题不见.
2023-03-16 08:44:01-B0BLN8XS3L-标题不见.
2023-03-16 08:44:01-B09VP95Q2K-标题不见.
2023-03-16 08:44:01-B0BFF2NQDX-标题不见.
2023-03-16 08:44:01-B07W8FFCH7-标题不见.
2023-03-16 08:44:01-B07L62FCW6-标题不见.
2023-03-16 08:44:01-B0BJJSBC8G-标题不见.
2023-03-16 08:44:01-B08Z8CYKBX-标题不见.
2023-03-16 08:44:01-B07XD34GXT-标题不见.
2023-03-16 08:44:01-B08S7BTJZF-标题不见.
2023-03-16 08:44:01-B09BDZTCRG-标题不见.
2023-03-16 08:44:01-B085DNV97W-标题不见.
2023-03-16 08:44:01-B07R33LQ4X-标题不见.
2023-03-16 08:44:01-B0BFDZZL9D-标题不见.
2023-03-16 08:44:01-B085DQ4D58-标题不见.
2023-03-16 08:44:01-B07T9Z2QH6-标题不见.
2023-03-16 08:44:01-B09WKDX7G6-标题不见.
2023-03-16 08:44:01-B07DHJQRPN-标题不见.
2023-03-16 08:44:01-B07L62YWB7-标题不见.
2023-03-16 08:44:01-B09VP7568K-标题不见.
2023-03-16 08:44:01-B0BFF2NDWP-标题不见.
2023-03-16 08:44:01-B08S7FTWFB-标题不见.
2023-03-16 08:44:01-B0BFQBRBBH-标题不见.
2023-03-16 08:44:01-B07L6395ZF-标题不见.
2023-03-16 08:44:01-B07L5R52XL-标题不见.
2023-03-16 08:44:01-B07TH7VR83-标题不见.
2023-03-16 08:44:01-B07QYSXM2Y-标题不见.
2023-03-16 08:44:01-B07L633KV8-标题不见.
2023-03-16 08:44:01-B07QXR2XBK-标题不见.
2023-03-16 08:44:01-B08ZS319ST-标题不见.
2023-03-16 08:44:01-B09Z21QS2S-标题不见.
2023-03-16 08:44:01-B09QHZNXMP-标题不见.
2023-03-16 08:44:01-B07L61MB7Y-标题不见.
2023-03-16 08:44:01-B07L5SC5VL-标题不见.
2023-03-16 08:44:01-B08S3HC5WZ-标题不见.
2023-03-16 08:44:01-B085D8BL9P-标题不见.
2023-03-16 08:44:01-B085DB5MXR-标题不见.
2023-03-16 08:44:01-B0BFF1T4BQ-标题不见.
2023-03-16 08:44:01-B0BFDX81NG-标题不见.
2023-03-16 08:44:01-B07T9Z26FQ-标题不见.
2023-03-16 08:44:01-B07TBZMRP7-标题不见.
2023-03-16 08:44:01-B07TMLZ8DF-标题不见.
2023-03-16 08:44:01-B0BFDZBW1S-标题不见.
2023-03-16 08:44:01-B09Z1NXKWN-标题不见.
2023-03-16 08:44:01-B07QWT4CS9-标题不见.
2023-03-16 08:44:01-B08S3DW72X-标题不见.
2023-03-16 08:44:01-B085DGTHRT-标题不见.
2023-03-16 08:44:01-B07H5DGZWJ-标题不见.
2023-03-16 08:44:01-B0B3D3SSSJ-标题不见.
2023-03-16 08:44:01-B07L62JCLS-标题不见.
2023-03-16 08:44:01-B08S7FVHYZ-标题不见.
2023-03-16 08:44:01-B085DCYYDT-标题不见.
2023-03-16 08:44:01-B09BDXBLC1-标题不见.
2023-03-16 08:44:01-B09BF18SVV-标题不见.
2023-03-16 08:44:01-B0BFDZNDRS-标题不见.
2023-03-16 08:44:01-B0B2D83977-标题不见.
2023-03-16 08:44:01-B07T9YHPR3-标题不见.
2023-03-16 08:44:01-B08XXDZT49-标题不见.
2023-03-16 08:44:01-B0B2D7P76Q-标题不见.
2023-03-16 08:44:01-B09BDX2G2D-标题不见.
2023-03-16 08:44:01-B07TBZKM97-标题不见.
2023-03-16 08:44:01-B07L61VK3L-标题不见.
2023-03-16 08:44:01-B08S35TFGP-标题不见.
2023-03-16 08:44:01-B0922TVWJF-标题不见.
2023-03-16 08:44:01-B09Z1SGVP9-标题不见.
2023-03-16 08:44:01-B07QXQL3PS-标题不见.
2023-03-16 08:44:01-B07L63CKBJ-标题不见.
2023-03-16 08:44:01-B07QWT46HD-标题不见.
2023-03-16 08:44:01-B0B3D6B2XR-标题不见.
2023-03-16 08:44:01-B07X8WYCFF-标题不见.
2023-03-16 08:44:01-B07L61WSP4-标题不见.
2023-03-16 08:44:01-B07Q83L196-标题不见.
2023-03-16 08:44:01-B07TBYV5NM-标题不见.
2023-03-16 08:44:01-B07TH8GSGB-标题不见.
2023-03-16 08:44:01-B08S3FFNLP-标题不见.
2023-03-16 08:44:01-B07TBYY4RM-标题不见.
2023-03-16 08:44:01-B0B2D8F5GB-标题不见.
2023-03-16 08:44:01-B09B8NXC9M-标题不见.
2023-03-16 08:44:01-B0BFDZ58JR-标题不见.
2023-03-16 08:44:01-B09BDW8LPZ-标题不见.
2023-03-16 08:44:01-B0B2D87NJJ-标题不见.
2023-03-16 08:44:01-B0922WBGXL-标题不见.
2023-03-16 08:44:01-B08Y14ZZJT-标题不见.
2023-03-16 08:44:01-B08S79LW1Y-标题不见.
2023-03-16 08:44:01-B07FQBBT5C-标题不见.
2023-03-16 08:44:01-B09VPCDZ4V-标题不见.
2023-03-16 08:44:01-B07QXQ7JLM-标题不见.
2023-03-16 08:44:01-B07T9Z6DP8-标题不见.
2023-03-16 08:44:01-B09KTCDYB6-标题不见.
2023-03-16 08:44:01-B08S6K7FL9-标题不见.
2023-03-16 08:44:01-B08Y5KLCW7-标题不见.
2023-03-16 08:44:01-B0BFF1KC9K-标题不见.
2023-03-16 08:44:01-B08S7BCVVD-标题不见.
2023-03-16 08:44:01-B07Y2ZGG8M-标题不见.
2023-03-16 08:44:01-B07L61KS1H-标题不见.
2023-03-16 08:44:01-B07L637PQY-标题不见.
2023-03-16 08:44:01-B0B5YYKB7J-标题不见.
2023-03-16 08:44:01-B0BFDXMW6C-标题不见.
2023-03-16 08:44:01-B07T9YRV84-标题不见.
2023-03-16 08:44:01-B07L622D1K-标题不见.
2023-03-16 08:44:01-B08S7L4JFB-标题不见.
2023-03-16 08:44:01-B0BFDYVL94-标题不见.
2023-03-16 08:44:01-B07TH8HS4N-标题不见.
2023-03-16 08:44:01-B07T9YNLSV-标题不见.
2023-03-16 08:44:01-B07TG7KQTQ-标题不见.
2023-03-16 08:44:01-B07L62XRKP-标题不见.
2023-03-16 08:44:01-B09SPVPPLC-标题不见.
2023-03-16 08:44:01-B07Y2Y7X9Q-标题不见.
2023-03-16 08:44:01-B0B2D6BZ9D-标题不见.
2023-03-16 08:44:01-B07L62Q6PF-标题不见.
2023-03-16 08:44:01-B07TBXWLXW-标题不见.
2023-03-16 08:44:01-B07L63XFJF-标题不见.
2023-03-16 08:44:01-B0BFDWJQKK-标题不见.
2023-10-29 07:00:00-B09BFJC4K9-标题不见.
2023-10-29 07:00:00-B08D9NX17Y-标题不见.
2023-10-29 07:00:00-B08D9PGPHG-缺货下线
2023-10-29 07:00:00-B09FXV3MXF-标题不见.
2023-10-29 07:00:00-B098BHWHZK-缺货下线
2023-10-29 07:00:00-B08FTH1Q2X-缺货下线
2023-10-29 07:00:00-B0BXGHHX61-标题不见.
2023-10-29 07:00:00-B09BFK6Z67-标题不见.
2023-10-29 07:00:00-B098BHCRMZ-缺货下线
2023-10-29 07:00:00-B0BXY32FXL-标题不见.
2023-10-29 07:00:00-B08D9PQMZT-标题不见.
2023-11-10 07:00:01-B08D9NX17Y-标题不见.
2023-12-23 07:00:01-B098BHCRMZ-缺货下线
2023-12-27 07:00:00-B0BXGKX7K8-缺货下线
2023-12-28 07:00:00-B0BXGKX7K8-缺货下线
2023-12-29 07:00:00-B09BFJC4K9-缺货下线
2023-12-30 07:00:00-B09BFJC4K9-缺货下线
2023-12-31 07:00:00-B09BFJC4K9-缺货下线
2024-01-01 07:00:00-B09BFJC4K9-缺货下线
2024-01-02 07:00:00-B09BFJC4K9-缺货下线
2024-01-03 07:00:00-B09BFJC4K9-缺货下线
2024-01-13 07:00:01-B0BXGKX7K8-缺货下线
2024-01-24 07:00:01-B0BXGHHX61-缺货下线
2024-01-24 07:00:01-B0BXGKX7K8-缺货下线
2024-01-31 07:01:26-B09GBDFJW3-标题不见.
2024-02-07 07:00:00-B09BFJ53VS-缺货下线
2024-02-09 07:00:00-B09BFJ53VS-缺货下线
2024-02-11 07:00:00-B09BFJ53VS-缺货下线
2024-02-12 07:00:01-B09BFJ53VS-缺货下线
2024-02-15 07:00:00-B09BFJ53VS-缺货下线
2024-02-16 07:00:00-B09BFJ53VS-缺货下线
2024-02-17 07:00:00-B09BFJ53VS-缺货下线
2024-02-18 07:00:00-B09BFJ53VS-缺货下线
2024-02-19 07:00:00-B09BFJ53VS-缺货下线
2024-02-20 07:00:00-B09BFJ53VS-缺货下线
2024-02-21 07:00:01-B09BFJ53VS-缺货下线
2024-02-22 07:00:01-B09BFJ53VS-缺货下线
2024-02-23 07:00:00-B09BFJ53VS-缺货下线
2024-02-24 07:00:01-B09BFJ53VS-缺货下线
2024-02-25 07:00:00-B09BFJ53VS-缺货下线
2024-02-26 07:00:00-B09BFJ53VS-缺货下线
2024-02-27 07:00:00-B09BFJ53VS-缺货下线
2024-02-28 07:00:00-B09BFJ53VS-缺货下线
2024-02-29 07:00:00-B09BFJ53VS-缺货下线
2024-03-02 07:00:00-B09BFJ53VS-缺货下线
2024-03-03 07:00:00-B09BFJ53VS-缺货下线
